# JRE version: OpenJDK Runtime Environment (8.0_392-b08) (build 1.8.0_392-392-b08)
# Java VM: OpenJDK 64-Bit Server VM (25.392-b08 mixed mode windows-amd64 compressed oops)
Heap:
 PSYoungGen      total 342528K, used 169737K [0x000000076af00000, 0x0000000789480000, 0x00000007c0000000)
  eden space 283648K, 52% used [0x000000076af00000,0x0000000773f84870,0x000000077c400000)
  from space 58880K, 36% used [0x000000077c400000,0x000000077d93df00,0x000000077fd80000)
  to   space 55808K, 0% used [0x0000000785e00000,0x0000000785e00000,0x0000000789480000)
 ParOldGen       total 268288K, used 115767K [0x00000006c0c00000, 0x00000006d1200000, 0x000000076af00000)
  object space 268288K, 43% used [0x00000006c0c00000,0x00000006c7d0dec8,0x00000006d1200000)
 Metaspace       used 30602K, capacity 30872K, committed 31232K, reserved 1077248K
  class space    used 3623K, capacity 3739K, committed 3840K, reserved 1048576K
GC Heap History (10 events):
Event: 9.564 GC heap before
{Heap before GC invocations=14 (full 2):
 PSYoungGen      total 211456K, used 211438K [0x000000076af00000, 0x000000077b500000, 0x00000007c0000000)
  eden space 197120K, 100% used [0x000000076af00000,0x0000000776f80000,0x0000000776f80000)
  from space 14336K, 99% used [0x0000000776f80000,0x0000000777d7b800,0x0000000777d80000)
  to   space 21504K, 0% used [0x000000077a000000,0x000000077a000000,0x000000077b500000)
 ParOldGen       total 124928K, used 41666K [0x00000006c0c00000, 0x00000006c8600000, 0x000000076af00000)
  object space 124928K, 33% used [0x00000006c0c00000,0x00000006c34b0a88,0x00000006c8600000)
 Metaspace       used 25343K, capacity 25551K, committed 25728K, reserved 1071104K
  class space    used 3087K, capacity 3146K, committed 3200K, reserved 1048576K
Event: 9.589 GC heap after
Heap after GC invocations=14 (full 2):
 PSYoungGen      total 230912K, used 21479K [0x000000076af00000, 0x000000077fe00000, 0x00000007c0000000)
  eden space 209408K, 0% used [0x000000076af00000,0x000000076af00000,0x0000000777b80000)
  from space 21504K, 99% used [0x000000077a000000,0x000000077b4f9ec8,0x000000077b500000)
  to   space 37376K, 0% used [0x0000000777b80000,0x0000000777b80000,0x000000077a000000)
 ParOldGen       total 124928K, used 77812K [0x00000006c0c00000, 0x00000006c8600000, 0x000000076af00000)
  object space 124928K, 62% used [0x00000006c0c00000,0x00000006c57fd3d0,0x00000006c8600000)
 Metaspace       used 25343K, capacity 25551K, committed 25728K, reserved 1071104K
  class space    used 3087K, capacity 3146K, committed 3200K, reserved 1048576K
}
Event: 11.087 GC heap before
{Heap before GC invocations=15 (full 2):
 PSYoungGen      total 230912K, used 230887K [0x000000076af00000, 0x000000077fe00000, 0x00000007c0000000)
  eden space 209408K, 100% used [0x000000076af00000,0x0000000777b80000,0x0000000777b80000)
  from space 21504K, 99% used [0x000000077a000000,0x000000077b4f9ec8,0x000000077b500000)
  to   space 37376K, 0% used [0x0000000777b80000,0x0000000777b80000,0x000000077a000000)
 ParOldGen       total 124928K, used 77812K [0x00000006c0c00000, 0x00000006c8600000, 0x000000076af00000)
  object space 124928K, 62% used [0x00000006c0c00000,0x00000006c57fd3d0,0x00000006c8600000)
 Metaspace       used 25357K, capacity 25551K, committed 25728K, reserved 1071104K
  class space    used 3087K, capacity 3146K, committed 3200K, reserved 1048576K
Event: 11.120 GC heap after
Heap after GC invocations=15 (full 2):
 PSYoungGen      total 246784K, used 37351K [0x000000076af00000, 0x0000000783280000, 0x00000007c0000000)
  eden space 209408K, 0% used [0x000000076af00000,0x000000076af00000,0x0000000777b80000)
  from space 37376K, 99% used [0x0000000777b80000,0x0000000779ff9f80,0x000000077a000000)
  to   space 54272K, 0% used [0x000000077fd80000,0x000000077fd80000,0x0000000783280000)
 ParOldGen       total 124928K, used 107224K [0x00000006c0c00000, 0x00000006c8600000, 0x000000076af00000)
  object space 124928K, 85% used [0x00000006c0c00000,0x00000006c74b6358,0x00000006c8600000)
 Metaspace       used 25357K, capacity 25551K, committed 25728K, reserved 1071104K
  class space    used 3087K, capacity 3146K, committed 3200K, reserved 1048576K
}
Event: 11.120 GC heap before
{Heap before GC invocations=16 (full 3):
 PSYoungGen      total 246784K, used 37351K [0x000000076af00000, 0x0000000783280000, 0x00000007c0000000)
  eden space 209408K, 0% used [0x000000076af00000,0x000000076af00000,0x0000000777b80000)
  from space 37376K, 99% used [0x0000000777b80000,0x0000000779ff9f80,0x000000077a000000)
  to   space 54272K, 0% used [0x000000077fd80000,0x000000077fd80000,0x0000000783280000)
 ParOldGen       total 124928K, used 107224K [0x00000006c0c00000, 0x00000006c8600000, 0x000000076af00000)
  object space 124928K, 85% used [0x00000006c0c00000,0x00000006c74b6358,0x00000006c8600000)
 Metaspace       used 25357K, capacity 25551K, committed 25728K, reserved 1071104K
  class space    used 3087K, capacity 3146K, committed 3200K, reserved 1048576K
Event: 11.207 GC heap after
Heap after GC invocations=16 (full 3):
 PSYoungGen      total 246784K, used 0K [0x000000076af00000, 0x0000000783280000, 0x00000007c0000000)
  eden space 209408K, 0% used [0x000000076af00000,0x000000076af00000,0x0000000777b80000)
  from space 37376K, 0% used [0x0000000777b80000,0x0000000777b80000,0x000000077a000000)
  to   space 54272K, 0% used [0x000000077fd80000,0x000000077fd80000,0x0000000783280000)
 ParOldGen       total 268288K, used 109167K [0x00000006c0c00000, 0x00000006d1200000, 0x000000076af00000)
  object space 268288K, 40% used [0x00000006c0c00000,0x00000006c769bcb0,0x00000006d1200000)
 Metaspace       used 25357K, capacity 25551K, committed 25728K, reserved 1071104K
  class space    used 3087K, capacity 3146K, committed 3200K, reserved 1048576K
}
Event: 12.268 GC heap before
{Heap before GC invocations=17 (full 3):
 PSYoungGen      total 246784K, used 209408K [0x000000076af00000, 0x0000000783280000, 0x00000007c0000000)
  eden space 209408K, 100% used [0x000000076af00000,0x0000000777b80000,0x0000000777b80000)
  from space 37376K, 0% used [0x0000000777b80000,0x0000000777b80000,0x000000077a000000)
  to   space 54272K, 0% used [0x000000077fd80000,0x000000077fd80000,0x0000000783280000)
 ParOldGen       total 268288K, used 109167K [0x00000006c0c00000, 0x00000006d1200000, 0x000000076af00000)
  object space 268288K, 40% used [0x00000006c0c00000,0x00000006c769bcb0,0x00000006d1200000)
 Metaspace       used 25401K, capacity 25615K, committed 25984K, reserved 1073152K
  class space    used 3088K, capacity 3146K, committed 3200K, reserved 1048576K
Event: 12.299 GC heap after
Heap after GC invocations=17 (full 3):
 PSYoungGen      total 337920K, used 42920K [0x000000076af00000, 0x0000000783a00000, 0x00000007c0000000)
  eden space 283648K, 0% used [0x000000076af00000,0x000000076af00000,0x000000077c400000)
  from space 54272K, 79% used [0x000000077fd80000,0x000000078276a2c0,0x0000000783280000)
  to   space 58880K, 0% used [0x000000077c400000,0x000000077c400000,0x000000077fd80000)
 ParOldGen       total 268288K, used 109175K [0x00000006c0c00000, 0x00000006d1200000, 0x000000076af00000)
  object space 268288K, 40% used [0x00000006c0c00000,0x00000006c769dcb0,0x00000006d1200000)
 Metaspace       used 25401K, capacity 25615K, committed 25984K, reserved 1073152K
  class space    used 3088K, capacity 3146K, committed 3200K, reserved 1048576K
}
Event: 13.400 GC heap before
{Heap before GC invocations=18 (full 3):
 PSYoungGen      total 337920K, used 326568K [0x000000076af00000, 0x0000000783a00000, 0x00000007c0000000)
  eden space 283648K, 100% used [0x000000076af00000,0x000000077c400000,0x000000077c400000)
  from space 54272K, 79% used [0x000000077fd80000,0x000000078276a2c0,0x0000000783280000)
  to   space 58880K, 0% used [0x000000077c400000,0x000000077c400000,0x000000077fd80000)
 ParOldGen       total 268288K, used 109175K [0x00000006c0c00000, 0x00000006d1200000, 0x000000076af00000)
  object space 268288K, 40% used [0x00000006c0c00000,0x00000006c769dcb0,0x00000006d1200000)
 Metaspace       used 28934K, capacity 29212K, committed 29440K, reserved 1075200K
  class space    used 3450K, capacity 3574K, committed 3584K, reserved 1048576K
Event: 13.415 GC heap after
Heap after GC invocations=18 (full 3):
 PSYoungGen      total 342528K, used 21751K [0x000000076af00000, 0x0000000789480000, 0x00000007c0000000)
  eden space 283648K, 0% used [0x000000076af00000,0x000000076af00000,0x000000077c400000)
  from space 58880K, 36% used [0x000000077c400000,0x000000077d93df00,0x000000077fd80000)
  to   space 55808K, 0% used [0x0000000785e00000,0x0000000785e00000,0x0000000789480000)
 ParOldGen       total 268288K, used 115767K [0x00000006c0c00000, 0x00000006d1200000, 0x000000076af00000)
  object space 268288K, 43% used [0x00000006c0c00000,0x00000006c7d0dec8,0x00000006d1200000)
 Metaspace       used 28934K, capacity 29212K, committed 29440K, reserved 1075200K
  class space    used 3450K, capacity 3574K, committed 3584K, reserved 1048576K
}

