# JRE version: OpenJDK Runtime Environment (8.0_392-b08) (build 1.8.0_392-392-b08)
# Java VM: OpenJDK 64-Bit Server VM (25.392-b08 mixed mode windows-amd64 compressed oops)
Heap:
 PSYoungGen      total 519168K, used 297882K [0x000000076af00000, 0x0000000794500000, 0x00000007c0000000)
  eden space 465920K, 56% used [0x000000076af00000,0x000000077af9f700,0x0000000787600000)
  from space 53248K, 65% used [0x0000000787600000,0x0000000789847368,0x000000078aa00000)
  to   space 55808K, 0% used [0x0000000790e80000,0x0000000790e80000,0x0000000794500000)
 ParOldGen       total 268800K, used 141576K [0x00000006c0c00000, 0x00000006d1280000, 0x000000076af00000)
  object space 268800K, 52% used [0x00000006c0c00000,0x00000006c96420d8,0x00000006d1280000)
 Metaspace       used 41235K, capacity 41569K, committed 42112K, reserved 1085440K
  class space    used 5347K, capacity 5440K, committed 5504K, reserved 1048576K
GC Heap History (10 events):
Event: 13.210 GC heap before
{Heap before GC invocations=18 (full 3):
 PSYoungGen      total 344576K, used 333937K [0x000000076af00000, 0x0000000784000000, 0x00000007c0000000)
  eden space 290816K, 100% used [0x000000076af00000,0x000000077cb00000,0x000000077cb00000)
  from space 53760K, 80% used [0x0000000780480000,0x0000000782e9c7f8,0x0000000783900000)
  to   space 58880K, 0% used [0x000000077cb00000,0x000000077cb00000,0x0000000780480000)
 ParOldGen       total 268800K, used 110203K [0x00000006c0c00000, 0x00000006d1280000, 0x000000076af00000)
  object space 268800K, 40% used [0x00000006c0c00000,0x00000006c779ee48,0x00000006d1280000)
 Metaspace       used 29208K, capacity 29448K, committed 29824K, reserved 1075200K
  class space    used 3508K, capacity 3609K, committed 3712K, reserved 1048576K
Event: 13.227 GC heap after
Heap after GC invocations=18 (full 3):
 PSYoungGen      total 349696K, used 19892K [0x000000076af00000, 0x0000000789c80000, 0x00000007c0000000)
  eden space 290816K, 0% used [0x000000076af00000,0x000000076af00000,0x000000077cb00000)
  from space 58880K, 33% used [0x000000077cb00000,0x000000077de6d1c0,0x0000000780480000)
  to   space 55808K, 0% used [0x0000000786600000,0x0000000786600000,0x0000000789c80000)
 ParOldGen       total 268800K, used 117021K [0x00000006c0c00000, 0x00000006d1280000, 0x000000076af00000)
  object space 268800K, 43% used [0x00000006c0c00000,0x00000006c7e47428,0x00000006d1280000)
 Metaspace       used 29208K, capacity 29448K, committed 29824K, reserved 1075200K
  class space    used 3508K, capacity 3609K, committed 3712K, reserved 1048576K
}
Event: 15.140 GC heap before
{Heap before GC invocations=19 (full 3):
 PSYoungGen      total 349696K, used 310708K [0x000000076af00000, 0x0000000789c80000, 0x00000007c0000000)
  eden space 290816K, 100% used [0x000000076af00000,0x000000077cb00000,0x000000077cb00000)
  from space 58880K, 33% used [0x000000077cb00000,0x000000077de6d1c0,0x0000000780480000)
  to   space 55808K, 0% used [0x0000000786600000,0x0000000786600000,0x0000000789c80000)
 ParOldGen       total 268800K, used 117021K [0x00000006c0c00000, 0x00000006d1280000, 0x000000076af00000)
  object space 268800K, 43% used [0x00000006c0c00000,0x00000006c7e47428,0x00000006d1280000)
 Metaspace       used 31817K, capacity 32190K, committed 32640K, reserved 1077248K
  class space    used 3790K, capacity 3900K, committed 3968K, reserved 1048576K
Event: 15.151 GC heap after
Heap after GC invocations=19 (full 3):
 PSYoungGen      total 429056K, used 12960K [0x000000076af00000, 0x0000000789100000, 0x00000007c0000000)
  eden space 385024K, 0% used [0x000000076af00000,0x000000076af00000,0x0000000782700000)
  from space 44032K, 29% used [0x0000000786600000,0x00000007872a83a0,0x0000000789100000)
  to   space 54272K, 0% used [0x0000000782700000,0x0000000782700000,0x0000000785c00000)
 ParOldGen       total 268800K, used 127787K [0x00000006c0c00000, 0x00000006d1280000, 0x000000076af00000)
  object space 268800K, 47% used [0x00000006c0c00000,0x00000006c88caf40,0x00000006d1280000)
 Metaspace       used 31817K, capacity 32190K, committed 32640K, reserved 1077248K
  class space    used 3790K, capacity 3900K, committed 3968K, reserved 1048576K
}
Event: 15.883 GC heap before
{Heap before GC invocations=20 (full 3):
 PSYoungGen      total 429056K, used 396922K [0x000000076af00000, 0x0000000789100000, 0x00000007c0000000)
  eden space 385024K, 99% used [0x000000076af00000,0x00000007825f6690,0x0000000782700000)
  from space 44032K, 29% used [0x0000000786600000,0x00000007872a83a0,0x0000000789100000)
  to   space 54272K, 0% used [0x0000000782700000,0x0000000782700000,0x0000000785c00000)
 ParOldGen       total 268800K, used 127787K [0x00000006c0c00000, 0x00000006d1280000, 0x000000076af00000)
  object space 268800K, 47% used [0x00000006c0c00000,0x00000006c88caf40,0x00000006d1280000)
 Metaspace       used 34381K, capacity 34677K, committed 35072K, reserved 1079296K
  class space    used 4230K, capacity 4319K, committed 4352K, reserved 1048576K
Event: 15.891 GC heap after
Heap after GC invocations=20 (full 3):
 PSYoungGen      total 439296K, used 7271K [0x000000076af00000, 0x0000000790480000, 0x00000007c0000000)
  eden space 385024K, 0% used [0x000000076af00000,0x000000076af00000,0x0000000782700000)
  from space 54272K, 13% used [0x0000000782700000,0x0000000782e19e98,0x0000000785c00000)
  to   space 53760K, 0% used [0x000000078d000000,0x000000078d000000,0x0000000790480000)
 ParOldGen       total 268800K, used 135673K [0x00000006c0c00000, 0x00000006d1280000, 0x000000076af00000)
  object space 268800K, 50% used [0x00000006c0c00000,0x00000006c907e658,0x00000006d1280000)
 Metaspace       used 34381K, capacity 34677K, committed 35072K, reserved 1079296K
  class space    used 4230K, capacity 4319K, committed 4352K, reserved 1048576K
}
Event: 16.078 GC heap before
{Heap before GC invocations=21 (full 3):
 PSYoungGen      total 439296K, used 391883K [0x000000076af00000, 0x0000000790480000, 0x00000007c0000000)
  eden space 385024K, 99% used [0x000000076af00000,0x0000000782698fc8,0x0000000782700000)
  from space 54272K, 13% used [0x0000000782700000,0x0000000782e19e98,0x0000000785c00000)
  to   space 53760K, 0% used [0x000000078d000000,0x000000078d000000,0x0000000790480000)
 ParOldGen       total 268800K, used 135673K [0x00000006c0c00000, 0x00000006d1280000, 0x000000076af00000)
  object space 268800K, 50% used [0x00000006c0c00000,0x00000006c907e658,0x00000006d1280000)
 Metaspace       used 35822K, capacity 36085K, committed 36608K, reserved 1081344K
  class space    used 4231K, capacity 4319K, committed 4352K, reserved 1048576K
Event: 16.082 GC heap after
Heap after GC invocations=21 (full 3):
 PSYoungGen      total 480256K, used 2493K [0x000000076af00000, 0x000000078de00000, 0x00000007c0000000)
  eden space 465920K, 0% used [0x000000076af00000,0x000000076af00000,0x0000000787600000)
  from space 14336K, 17% used [0x000000078d000000,0x000000078d26f538,0x000000078de00000)
  to   space 53248K, 0% used [0x0000000787600000,0x0000000787600000,0x000000078aa00000)
 ParOldGen       total 268800K, used 139950K [0x00000006c0c00000, 0x00000006d1280000, 0x000000076af00000)
  object space 268800K, 52% used [0x00000006c0c00000,0x00000006c94abba0,0x00000006d1280000)
 Metaspace       used 35822K, capacity 36085K, committed 36608K, reserved 1081344K
  class space    used 4231K, capacity 4319K, committed 4352K, reserved 1048576K
}
Event: 17.052 GC heap before
{Heap before GC invocations=22 (full 3):
 PSYoungGen      total 480256K, used 468413K [0x000000076af00000, 0x000000078de00000, 0x00000007c0000000)
  eden space 465920K, 100% used [0x000000076af00000,0x0000000787600000,0x0000000787600000)
  from space 14336K, 17% used [0x000000078d000000,0x000000078d26f538,0x000000078de00000)
  to   space 53248K, 0% used [0x0000000787600000,0x0000000787600000,0x000000078aa00000)
 ParOldGen       total 268800K, used 139950K [0x00000006c0c00000, 0x00000006d1280000, 0x000000076af00000)
  object space 268800K, 52% used [0x00000006c0c00000,0x00000006c94abba0,0x00000006d1280000)
 Metaspace       used 41056K, capacity 41313K, committed 41856K, reserved 1085440K
  class space    used 5346K, capacity 5440K, committed 5504K, reserved 1048576K
Event: 17.070 GC heap after
Heap after GC invocations=22 (full 3):
 PSYoungGen      total 519168K, used 35100K [0x000000076af00000, 0x0000000794500000, 0x00000007c0000000)
  eden space 465920K, 0% used [0x000000076af00000,0x000000076af00000,0x0000000787600000)
  from space 53248K, 65% used [0x0000000787600000,0x0000000789847368,0x000000078aa00000)
  to   space 55808K, 0% used [0x0000000790e80000,0x0000000790e80000,0x0000000794500000)
 ParOldGen       total 268800K, used 141576K [0x00000006c0c00000, 0x00000006d1280000, 0x000000076af00000)
  object space 268800K, 52% used [0x00000006c0c00000,0x00000006c96420d8,0x00000006d1280000)
 Metaspace       used 41056K, capacity 41313K, committed 41856K, reserved 1085440K
  class space    used 5346K, capacity 5440K, committed 5504K, reserved 1048576K
}

