# JRE version: OpenJDK Runtime Environment (8.0_392-b08) (build 1.8.0_392-392-b08)
# Java VM: OpenJDK 64-Bit Server VM (25.392-b08 mixed mode windows-amd64 compressed oops)
Heap:
 PSYoungGen      total 348672K, used 147964K [0x000000076af00000, 0x0000000789980000, 0x00000007c0000000)
  eden space 290304K, 44% used [0x000000076af00000,0x0000000772c0aae8,0x000000077ca80000)
  from space 58368K, 34% used [0x000000077ca80000,0x000000077ddf46d8,0x0000000780380000)
  to   space 55296K, 0% used [0x0000000786380000,0x0000000786380000,0x0000000789980000)
 ParOldGen       total 268800K, used 117463K [0x00000006c0c00000, 0x00000006d1280000, 0x000000076af00000)
  object space 268800K, 43% used [0x00000006c0c00000,0x00000006c7eb5d20,0x00000006d1280000)
 Metaspace       used 30589K, capacity 30872K, committed 31232K, reserved 1077248K
  class space    used 3623K, capacity 3739K, committed 3840K, reserved 1048576K
GC Heap History (10 events):
Event: 9.414 GC heap before
{Heap before GC invocations=14 (full 2):
 PSYoungGen      total 213504K, used 213486K [0x000000076af00000, 0x000000077b880000, 0x00000007c0000000)
  eden space 199680K, 100% used [0x000000076af00000,0x0000000777200000,0x0000000777200000)
  from space 13824K, 99% used [0x0000000777200000,0x0000000777f7b9f0,0x0000000777f80000)
  to   space 20992K, 0% used [0x000000077a400000,0x000000077a400000,0x000000077b880000)
 ParOldGen       total 123392K, used 42683K [0x00000006c0c00000, 0x00000006c8480000, 0x000000076af00000)
  object space 123392K, 34% used [0x00000006c0c00000,0x00000006c35aeca8,0x00000006c8480000)
 Metaspace       used 25341K, capacity 25551K, committed 25728K, reserved 1071104K
  class space    used 3087K, capacity 3146K, committed 3200K, reserved 1048576K
Event: 9.437 GC heap after
Heap after GC invocations=14 (full 2):
 PSYoungGen      total 235520K, used 20986K [0x000000076af00000, 0x000000077ff80000, 0x00000007c0000000)
  eden space 214528K, 0% used [0x000000076af00000,0x000000076af00000,0x0000000778080000)
  from space 20992K, 99% used [0x000000077a400000,0x000000077b87eb20,0x000000077b880000)
  to   space 36352K, 0% used [0x0000000778080000,0x0000000778080000,0x000000077a400000)
 ParOldGen       total 123392K, used 77558K [0x00000006c0c00000, 0x00000006c8480000, 0x000000076af00000)
  object space 123392K, 62% used [0x00000006c0c00000,0x00000006c57bd808,0x00000006c8480000)
 Metaspace       used 25341K, capacity 25551K, committed 25728K, reserved 1071104K
  class space    used 3087K, capacity 3146K, committed 3200K, reserved 1048576K
}
Event: 10.830 GC heap before
{Heap before GC invocations=15 (full 2):
 PSYoungGen      total 235520K, used 235514K [0x000000076af00000, 0x000000077ff80000, 0x00000007c0000000)
  eden space 214528K, 100% used [0x000000076af00000,0x0000000778080000,0x0000000778080000)
  from space 20992K, 99% used [0x000000077a400000,0x000000077b87eb20,0x000000077b880000)
  to   space 36352K, 0% used [0x0000000778080000,0x0000000778080000,0x000000077a400000)
 ParOldGen       total 123392K, used 77558K [0x00000006c0c00000, 0x00000006c8480000, 0x000000076af00000)
  object space 123392K, 62% used [0x00000006c0c00000,0x00000006c57bd808,0x00000006c8480000)
 Metaspace       used 25357K, capacity 25551K, committed 25728K, reserved 1071104K
  class space    used 3087K, capacity 3146K, committed 3200K, reserved 1048576K
Event: 10.862 GC heap after
Heap after GC invocations=15 (full 2):
 PSYoungGen      total 250880K, used 36320K [0x000000076af00000, 0x0000000783780000, 0x00000007c0000000)
  eden space 214528K, 0% used [0x000000076af00000,0x000000076af00000,0x0000000778080000)
  from space 36352K, 99% used [0x0000000778080000,0x000000077a3f8218,0x000000077a400000)
  to   space 53248K, 0% used [0x0000000780380000,0x0000000780380000,0x0000000783780000)
 ParOldGen       total 123392K, used 107915K [0x00000006c0c00000, 0x00000006c8480000, 0x000000076af00000)
  object space 123392K, 87% used [0x00000006c0c00000,0x00000006c7562e18,0x00000006c8480000)
 Metaspace       used 25357K, capacity 25551K, committed 25728K, reserved 1071104K
  class space    used 3087K, capacity 3146K, committed 3200K, reserved 1048576K
}
Event: 10.862 GC heap before
{Heap before GC invocations=16 (full 3):
 PSYoungGen      total 250880K, used 36320K [0x000000076af00000, 0x0000000783780000, 0x00000007c0000000)
  eden space 214528K, 0% used [0x000000076af00000,0x000000076af00000,0x0000000778080000)
  from space 36352K, 99% used [0x0000000778080000,0x000000077a3f8218,0x000000077a400000)
  to   space 53248K, 0% used [0x0000000780380000,0x0000000780380000,0x0000000783780000)
 ParOldGen       total 123392K, used 107915K [0x00000006c0c00000, 0x00000006c8480000, 0x000000076af00000)
  object space 123392K, 87% used [0x00000006c0c00000,0x00000006c7562e18,0x00000006c8480000)
 Metaspace       used 25357K, capacity 25551K, committed 25728K, reserved 1071104K
  class space    used 3087K, capacity 3146K, committed 3200K, reserved 1048576K
Event: 10.959 GC heap after
Heap after GC invocations=16 (full 3):
 PSYoungGen      total 250880K, used 0K [0x000000076af00000, 0x0000000783780000, 0x00000007c0000000)
  eden space 214528K, 0% used [0x000000076af00000,0x000000076af00000,0x0000000778080000)
  from space 36352K, 0% used [0x0000000778080000,0x0000000778080000,0x000000077a400000)
  to   space 53248K, 0% used [0x0000000780380000,0x0000000780380000,0x0000000783780000)
 ParOldGen       total 268800K, used 110608K [0x00000006c0c00000, 0x00000006d1280000, 0x000000076af00000)
  object space 268800K, 41% used [0x00000006c0c00000,0x00000006c7804300,0x00000006d1280000)
 Metaspace       used 25357K, capacity 25551K, committed 25728K, reserved 1071104K
  class space    used 3087K, capacity 3146K, committed 3200K, reserved 1048576K
}
Event: 12.001 GC heap before
{Heap before GC invocations=17 (full 3):
 PSYoungGen      total 250880K, used 214528K [0x000000076af00000, 0x0000000783780000, 0x00000007c0000000)
  eden space 214528K, 100% used [0x000000076af00000,0x0000000778080000,0x0000000778080000)
  from space 36352K, 0% used [0x0000000778080000,0x0000000778080000,0x000000077a400000)
  to   space 53248K, 0% used [0x0000000780380000,0x0000000780380000,0x0000000783780000)
 ParOldGen       total 268800K, used 110608K [0x00000006c0c00000, 0x00000006d1280000, 0x000000076af00000)
  object space 268800K, 41% used [0x00000006c0c00000,0x00000006c7804300,0x00000006d1280000)
 Metaspace       used 25403K, capacity 25615K, committed 25984K, reserved 1073152K
  class space    used 3088K, capacity 3146K, committed 3200K, reserved 1048576K
Event: 12.034 GC heap after
Heap after GC invocations=17 (full 3):
 PSYoungGen      total 343552K, used 43062K [0x000000076af00000, 0x0000000783e80000, 0x00000007c0000000)
  eden space 290304K, 0% used [0x000000076af00000,0x000000076af00000,0x000000077ca80000)
  from space 53248K, 80% used [0x0000000780380000,0x0000000782d8d908,0x0000000783780000)
  to   space 58368K, 0% used [0x000000077ca80000,0x000000077ca80000,0x0000000780380000)
 ParOldGen       total 268800K, used 110616K [0x00000006c0c00000, 0x00000006d1280000, 0x000000076af00000)
  object space 268800K, 41% used [0x00000006c0c00000,0x00000006c7806300,0x00000006d1280000)
 Metaspace       used 25403K, capacity 25615K, committed 25984K, reserved 1073152K
  class space    used 3088K, capacity 3146K, committed 3200K, reserved 1048576K
}
Event: 13.132 GC heap before
{Heap before GC invocations=18 (full 3):
 PSYoungGen      total 343552K, used 333366K [0x000000076af00000, 0x0000000783e80000, 0x00000007c0000000)
  eden space 290304K, 100% used [0x000000076af00000,0x000000077ca80000,0x000000077ca80000)
  from space 53248K, 80% used [0x0000000780380000,0x0000000782d8d908,0x0000000783780000)
  to   space 58368K, 0% used [0x000000077ca80000,0x000000077ca80000,0x0000000780380000)
 ParOldGen       total 268800K, used 110616K [0x00000006c0c00000, 0x00000006d1280000, 0x000000076af00000)
  object space 268800K, 41% used [0x00000006c0c00000,0x00000006c7806300,0x00000006d1280000)
 Metaspace       used 29263K, capacity 29576K, committed 30080K, reserved 1075200K
  class space    used 3511K, capacity 3609K, committed 3712K, reserved 1048576K
Event: 13.146 GC heap after
Heap after GC invocations=18 (full 3):
 PSYoungGen      total 348672K, used 19921K [0x000000076af00000, 0x0000000789980000, 0x00000007c0000000)
  eden space 290304K, 0% used [0x000000076af00000,0x000000076af00000,0x000000077ca80000)
  from space 58368K, 34% used [0x000000077ca80000,0x000000077ddf46d8,0x0000000780380000)
  to   space 55296K, 0% used [0x0000000786380000,0x0000000786380000,0x0000000789980000)
 ParOldGen       total 268800K, used 117463K [0x00000006c0c00000, 0x00000006d1280000, 0x000000076af00000)
  object space 268800K, 43% used [0x00000006c0c00000,0x00000006c7eb5d20,0x00000006d1280000)
 Metaspace       used 29263K, capacity 29576K, committed 30080K, reserved 1075200K
  class space    used 3511K, capacity 3609K, committed 3712K, reserved 1048576K
}

