# JRE version: OpenJDK Runtime Environment (8.0_392-b08) (build 1.8.0_392-392-b08)
# Java VM: OpenJDK 64-Bit Server VM (25.392-b08 mixed mode windows-amd64 compressed oops)
Heap:
 PSYoungGen      total 509952K, used 368659K [0x000000076af00000, 0x0000000792f00000, 0x00000007c0000000)
  eden space 457216K, 76% used [0x000000076af00000,0x0000000780597488,0x0000000786d80000)
  from space 52736K, 33% used [0x0000000786d80000,0x0000000787eedaa8,0x000000078a100000)
  to   space 49664K, 0% used [0x000000078fe80000,0x000000078fe80000,0x0000000792f00000)
 ParOldGen       total 267776K, used 138975K [0x00000006c0c00000, 0x00000006d1180000, 0x000000076af00000)
  object space 267776K, 51% used [0x00000006c0c00000,0x00000006c93b7d30,0x00000006d1180000)
 Metaspace       used 41675K, capacity 42017K, committed 42624K, reserved 1087488K
  class space    used 5408K, capacity 5504K, committed 5504K, reserved 1048576K
GC Heap History (10 events):
Event: 13.576 GC heap before
{Heap before GC invocations=18 (full 3):
 PSYoungGen      total 337408K, used 326569K [0x000000076af00000, 0x0000000783980000, 0x00000007c0000000)
  eden space 283648K, 100% used [0x000000076af00000,0x000000077c400000,0x000000077c400000)
  from space 53760K, 79% used [0x000000077fd80000,0x000000078276a6a8,0x0000000783200000)
  to   space 58880K, 0% used [0x000000077c400000,0x000000077c400000,0x000000077fd80000)
 ParOldGen       total 267776K, used 107517K [0x00000006c0c00000, 0x00000006d1180000, 0x000000076af00000)
  object space 267776K, 40% used [0x00000006c0c00000,0x00000006c74ff568,0x00000006d1180000)
 Metaspace       used 28668K, capacity 28922K, committed 29184K, reserved 1075200K
  class space    used 3442K, capacity 3540K, committed 3584K, reserved 1048576K
Event: 13.597 GC heap after
Heap after GC invocations=18 (full 3):
 PSYoungGen      total 342528K, used 22282K [0x000000076af00000, 0x0000000789300000, 0x00000007c0000000)
  eden space 283648K, 0% used [0x000000076af00000,0x000000076af00000,0x000000077c400000)
  from space 58880K, 37% used [0x000000077c400000,0x000000077d9c2988,0x000000077fd80000)
  to   space 55296K, 0% used [0x0000000785d00000,0x0000000785d00000,0x0000000789300000)
 ParOldGen       total 267776K, used 113819K [0x00000006c0c00000, 0x00000006d1180000, 0x000000076af00000)
  object space 267776K, 42% used [0x00000006c0c00000,0x00000006c7b26ff0,0x00000006d1180000)
 Metaspace       used 28668K, capacity 28922K, committed 29184K, reserved 1075200K
  class space    used 3442K, capacity 3540K, committed 3584K, reserved 1048576K
}
Event: 15.802 GC heap before
{Heap before GC invocations=19 (full 3):
 PSYoungGen      total 342528K, used 305930K [0x000000076af00000, 0x0000000789300000, 0x00000007c0000000)
  eden space 283648K, 100% used [0x000000076af00000,0x000000077c400000,0x000000077c400000)
  from space 58880K, 37% used [0x000000077c400000,0x000000077d9c2988,0x000000077fd80000)
  to   space 55296K, 0% used [0x0000000785d00000,0x0000000785d00000,0x0000000789300000)
 ParOldGen       total 267776K, used 113819K [0x00000006c0c00000, 0x00000006d1180000, 0x000000076af00000)
  object space 267776K, 42% used [0x00000006c0c00000,0x00000006c7b26ff0,0x00000006d1180000)
 Metaspace       used 31371K, capacity 31672K, committed 32000K, reserved 1077248K
  class space    used 3734K, capacity 3835K, committed 3840K, reserved 1048576K
Event: 15.813 GC heap after
Heap after GC invocations=19 (full 3):
 PSYoungGen      total 419840K, used 12387K [0x000000076af00000, 0x0000000788780000, 0x00000007c0000000)
  eden space 376320K, 0% used [0x000000076af00000,0x000000076af00000,0x0000000781e80000)
  from space 43520K, 28% used [0x0000000785d00000,0x0000000786918db0,0x0000000788780000)
  to   space 53760K, 0% used [0x0000000781e80000,0x0000000781e80000,0x0000000785300000)
 ParOldGen       total 267776K, used 124416K [0x00000006c0c00000, 0x00000006d1180000, 0x000000076af00000)
  object space 267776K, 46% used [0x00000006c0c00000,0x00000006c8580138,0x00000006d1180000)
 Metaspace       used 31371K, capacity 31672K, committed 32000K, reserved 1077248K
  class space    used 3734K, capacity 3835K, committed 3840K, reserved 1048576K
}
Event: 16.787 GC heap before
{Heap before GC invocations=20 (full 3):
 PSYoungGen      total 419840K, used 388373K [0x000000076af00000, 0x0000000788780000, 0x00000007c0000000)
  eden space 376320K, 99% used [0x000000076af00000,0x0000000781e2c778,0x0000000781e80000)
  from space 43520K, 28% used [0x0000000785d00000,0x0000000786918db0,0x0000000788780000)
  to   space 53760K, 0% used [0x0000000781e80000,0x0000000781e80000,0x0000000785300000)
 ParOldGen       total 267776K, used 124416K [0x00000006c0c00000, 0x00000006d1180000, 0x000000076af00000)
  object space 267776K, 46% used [0x00000006c0c00000,0x00000006c8580138,0x00000006d1180000)
 Metaspace       used 34694K, capacity 34965K, committed 35328K, reserved 1081344K
  class space    used 4275K, capacity 4351K, committed 4352K, reserved 1048576K
Event: 16.794 GC heap after
Heap after GC invocations=20 (full 3):
 PSYoungGen      total 430080K, used 9168K [0x000000076af00000, 0x000000078f500000, 0x00000007c0000000)
  eden space 376320K, 0% used [0x000000076af00000,0x000000076af00000,0x0000000781e80000)
  from space 53760K, 17% used [0x0000000781e80000,0x0000000782774108,0x0000000785300000)
  to   space 52736K, 0% used [0x000000078c180000,0x000000078c180000,0x000000078f500000)
 ParOldGen       total 267776K, used 131585K [0x00000006c0c00000, 0x00000006d1180000, 0x000000076af00000)
  object space 267776K, 49% used [0x00000006c0c00000,0x00000006c8c80408,0x00000006d1180000)
 Metaspace       used 34694K, capacity 34965K, committed 35328K, reserved 1081344K
  class space    used 4275K, capacity 4351K, committed 4352K, reserved 1048576K
}
Event: 16.996 GC heap before
{Heap before GC invocations=21 (full 3):
 PSYoungGen      total 430080K, used 385313K [0x000000076af00000, 0x000000078f500000, 0x00000007c0000000)
  eden space 376320K, 99% used [0x000000076af00000,0x0000000781e54610,0x0000000781e80000)
  from space 53760K, 17% used [0x0000000781e80000,0x0000000782774108,0x0000000785300000)
  to   space 52736K, 0% used [0x000000078c180000,0x000000078c180000,0x000000078f500000)
 ParOldGen       total 267776K, used 131585K [0x00000006c0c00000, 0x00000006d1180000, 0x000000076af00000)
  object space 267776K, 49% used [0x00000006c0c00000,0x00000006c8c80408,0x00000006d1180000)
 Metaspace       used 36167K, capacity 36437K, committed 36864K, reserved 1081344K
  class space    used 4276K, capacity 4351K, committed 4352K, reserved 1048576K
Event: 17.001 GC heap after
Heap after GC invocations=21 (full 3):
 PSYoungGen      total 476672K, used 1917K [0x000000076af00000, 0x000000078d480000, 0x00000007c0000000)
  eden space 457216K, 0% used [0x000000076af00000,0x000000076af00000,0x0000000786d80000)
  from space 19456K, 9% used [0x000000078c180000,0x000000078c35f538,0x000000078d480000)
  to   space 52736K, 0% used [0x0000000786d80000,0x0000000786d80000,0x000000078a100000)
 ParOldGen       total 267776K, used 137365K [0x00000006c0c00000, 0x00000006d1180000, 0x000000076af00000)
  object space 267776K, 51% used [0x00000006c0c00000,0x00000006c92257f8,0x00000006d1180000)
 Metaspace       used 36167K, capacity 36437K, committed 36864K, reserved 1081344K
  class space    used 4276K, capacity 4351K, committed 4352K, reserved 1048576K
}
Event: 17.655 GC heap before
{Heap before GC invocations=22 (full 3):
 PSYoungGen      total 476672K, used 459133K [0x000000076af00000, 0x000000078d480000, 0x00000007c0000000)
  eden space 457216K, 100% used [0x000000076af00000,0x0000000786d80000,0x0000000786d80000)
  from space 19456K, 9% used [0x000000078c180000,0x000000078c35f538,0x000000078d480000)
  to   space 52736K, 0% used [0x0000000786d80000,0x0000000786d80000,0x000000078a100000)
 ParOldGen       total 267776K, used 137365K [0x00000006c0c00000, 0x00000006d1180000, 0x000000076af00000)
  object space 267776K, 51% used [0x00000006c0c00000,0x00000006c92257f8,0x00000006d1180000)
 Metaspace       used 40895K, capacity 41147K, committed 41600K, reserved 1085440K
  class space    used 5384K, capacity 5471K, committed 5504K, reserved 1048576K
Event: 17.665 GC heap after
Heap after GC invocations=22 (full 3):
 PSYoungGen      total 509952K, used 17846K [0x000000076af00000, 0x0000000792f00000, 0x00000007c0000000)
  eden space 457216K, 0% used [0x000000076af00000,0x000000076af00000,0x0000000786d80000)
  from space 52736K, 33% used [0x0000000786d80000,0x0000000787eedaa8,0x000000078a100000)
  to   space 49664K, 0% used [0x000000078fe80000,0x000000078fe80000,0x0000000792f00000)
 ParOldGen       total 267776K, used 138975K [0x00000006c0c00000, 0x00000006d1180000, 0x000000076af00000)
  object space 267776K, 51% used [0x00000006c0c00000,0x00000006c93b7d30,0x00000006d1180000)
 Metaspace       used 40895K, capacity 41147K, committed 41600K, reserved 1085440K
  class space    used 5384K, capacity 5471K, committed 5504K, reserved 1048576K
}

