# JRE version: OpenJDK Runtime Environment (8.0_392-b08) (build 1.8.0_392-392-b08)
# Java VM: OpenJDK 64-Bit Server VM (25.392-b08 mixed mode windows-amd64 compressed oops)
Heap:
 PSYoungGen      total 344576K, used 186914K [0x000000076af00000, 0x0000000789680000, 0x00000007c0000000)
  eden space 286208K, 57% used [0x000000076af00000,0x00000007750986e8,0x000000077c680000)
  from space 58368K, 36% used [0x000000077c680000,0x000000077db70340,0x000000077ff80000)
  to   space 55296K, 0% used [0x0000000786080000,0x0000000786080000,0x0000000789680000)
 ParOldGen       total 269312K, used 115919K [0x00000006c0c00000, 0x00000006d1300000, 0x000000076af00000)
  object space 269312K, 43% used [0x00000006c0c00000,0x00000006c7d33d78,0x00000006d1300000)
 Metaspace       used 30814K, capacity 31096K, committed 31488K, reserved 1077248K
  class space    used 3666K, capacity 3771K, committed 3840K, reserved 1048576K
GC Heap History (10 events):
Event: 9.496 GC heap before
{Heap before GC invocations=14 (full 2):
 PSYoungGen      total 210944K, used 210926K [0x000000076af00000, 0x000000077b580000, 0x00000007c0000000)
  eden space 197120K, 100% used [0x000000076af00000,0x0000000776f80000,0x0000000776f80000)
  from space 13824K, 99% used [0x0000000776f80000,0x0000000777cfb918,0x0000000777d00000)
  to   space 20992K, 0% used [0x000000077a100000,0x000000077a100000,0x000000077b580000)
 ParOldGen       total 125440K, used 42364K [0x00000006c0c00000, 0x00000006c8680000, 0x000000076af00000)
  object space 125440K, 33% used [0x00000006c0c00000,0x00000006c355f160,0x00000006c8680000)
 Metaspace       used 25324K, capacity 25487K, committed 25728K, reserved 1071104K
  class space    used 3088K, capacity 3146K, committed 3200K, reserved 1048576K
Event: 9.519 GC heap after
Heap after GC invocations=14 (full 2):
 PSYoungGen      total 231936K, used 20989K [0x000000076af00000, 0x000000077fd00000, 0x00000007c0000000)
  eden space 210944K, 0% used [0x000000076af00000,0x000000076af00000,0x0000000777d00000)
  from space 20992K, 99% used [0x000000077a100000,0x000000077b57f6a0,0x000000077b580000)
  to   space 36864K, 0% used [0x0000000777d00000,0x0000000777d00000,0x000000077a100000)
 ParOldGen       total 125440K, used 78637K [0x00000006c0c00000, 0x00000006c8680000, 0x000000076af00000)
  object space 125440K, 62% used [0x00000006c0c00000,0x00000006c58cb4a0,0x00000006c8680000)
 Metaspace       used 25324K, capacity 25487K, committed 25728K, reserved 1071104K
  class space    used 3088K, capacity 3146K, committed 3200K, reserved 1048576K
}
Event: 10.945 GC heap before
{Heap before GC invocations=15 (full 2):
 PSYoungGen      total 231936K, used 231933K [0x000000076af00000, 0x000000077fd00000, 0x00000007c0000000)
  eden space 210944K, 100% used [0x000000076af00000,0x0000000777d00000,0x0000000777d00000)
  from space 20992K, 99% used [0x000000077a100000,0x000000077b57f6a0,0x000000077b580000)
  to   space 36864K, 0% used [0x0000000777d00000,0x0000000777d00000,0x000000077a100000)
 ParOldGen       total 125440K, used 78637K [0x00000006c0c00000, 0x00000006c8680000, 0x000000076af00000)
  object space 125440K, 62% used [0x00000006c0c00000,0x00000006c58cb4a0,0x00000006c8680000)
 Metaspace       used 25338K, capacity 25487K, committed 25728K, reserved 1071104K
  class space    used 3088K, capacity 3146K, committed 3200K, reserved 1048576K
Event: 10.979 GC heap after
Heap after GC invocations=15 (full 2):
 PSYoungGen      total 247808K, used 36843K [0x000000076af00000, 0x0000000783400000, 0x00000007c0000000)
  eden space 210944K, 0% used [0x000000076af00000,0x000000076af00000,0x0000000777d00000)
  from space 36864K, 99% used [0x0000000777d00000,0x000000077a0faf48,0x000000077a100000)
  to   space 53760K, 0% used [0x000000077ff80000,0x000000077ff80000,0x0000000783400000)
 ParOldGen       total 125440K, used 107774K [0x00000006c0c00000, 0x00000006c8680000, 0x000000076af00000)
  object space 125440K, 85% used [0x00000006c0c00000,0x00000006c753fb90,0x00000006c8680000)
 Metaspace       used 25338K, capacity 25487K, committed 25728K, reserved 1071104K
  class space    used 3088K, capacity 3146K, committed 3200K, reserved 1048576K
}
Event: 10.979 GC heap before
{Heap before GC invocations=16 (full 3):
 PSYoungGen      total 247808K, used 36843K [0x000000076af00000, 0x0000000783400000, 0x00000007c0000000)
  eden space 210944K, 0% used [0x000000076af00000,0x000000076af00000,0x0000000777d00000)
  from space 36864K, 99% used [0x0000000777d00000,0x000000077a0faf48,0x000000077a100000)
  to   space 53760K, 0% used [0x000000077ff80000,0x000000077ff80000,0x0000000783400000)
 ParOldGen       total 125440K, used 107774K [0x00000006c0c00000, 0x00000006c8680000, 0x000000076af00000)
  object space 125440K, 85% used [0x00000006c0c00000,0x00000006c753fb90,0x00000006c8680000)
 Metaspace       used 25338K, capacity 25487K, committed 25728K, reserved 1071104K
  class space    used 3088K, capacity 3146K, committed 3200K, reserved 1048576K
Event: 11.070 GC heap after
Heap after GC invocations=16 (full 3):
 PSYoungGen      total 247808K, used 0K [0x000000076af00000, 0x0000000783400000, 0x00000007c0000000)
  eden space 210944K, 0% used [0x000000076af00000,0x000000076af00000,0x0000000777d00000)
  from space 36864K, 0% used [0x0000000777d00000,0x0000000777d00000,0x000000077a100000)
  to   space 53760K, 0% used [0x000000077ff80000,0x000000077ff80000,0x0000000783400000)
 ParOldGen       total 269312K, used 110276K [0x00000006c0c00000, 0x00000006d1300000, 0x000000076af00000)
  object space 269312K, 40% used [0x00000006c0c00000,0x00000006c77b1118,0x00000006d1300000)
 Metaspace       used 25338K, capacity 25487K, committed 25728K, reserved 1071104K
  class space    used 3088K, capacity 3146K, committed 3200K, reserved 1048576K
}
Event: 12.112 GC heap before
{Heap before GC invocations=17 (full 3):
 PSYoungGen      total 247808K, used 210944K [0x000000076af00000, 0x0000000783400000, 0x00000007c0000000)
  eden space 210944K, 100% used [0x000000076af00000,0x0000000777d00000,0x0000000777d00000)
  from space 36864K, 0% used [0x0000000777d00000,0x0000000777d00000,0x000000077a100000)
  to   space 53760K, 0% used [0x000000077ff80000,0x000000077ff80000,0x0000000783400000)
 ParOldGen       total 269312K, used 110276K [0x00000006c0c00000, 0x00000006d1300000, 0x000000076af00000)
  object space 269312K, 40% used [0x00000006c0c00000,0x00000006c77b1118,0x00000006d1300000)
 Metaspace       used 25390K, capacity 25615K, committed 25984K, reserved 1073152K
  class space    used 3089K, capacity 3146K, committed 3200K, reserved 1048576K
Event: 12.147 GC heap after
Heap after GC invocations=17 (full 3):
 PSYoungGen      total 339968K, used 43032K [0x000000076af00000, 0x0000000783c00000, 0x00000007c0000000)
  eden space 286208K, 0% used [0x000000076af00000,0x000000076af00000,0x000000077c680000)
  from space 53760K, 80% used [0x000000077ff80000,0x00000007829862a8,0x0000000783400000)
  to   space 58368K, 0% used [0x000000077c680000,0x000000077c680000,0x000000077ff80000)
 ParOldGen       total 269312K, used 110284K [0x00000006c0c00000, 0x00000006d1300000, 0x000000076af00000)
  object space 269312K, 40% used [0x00000006c0c00000,0x00000006c77b3118,0x00000006d1300000)
 Metaspace       used 25390K, capacity 25615K, committed 25984K, reserved 1073152K
  class space    used 3089K, capacity 3146K, committed 3200K, reserved 1048576K
}
Event: 13.318 GC heap before
{Heap before GC invocations=18 (full 3):
 PSYoungGen      total 339968K, used 329240K [0x000000076af00000, 0x0000000783c00000, 0x00000007c0000000)
  eden space 286208K, 100% used [0x000000076af00000,0x000000077c680000,0x000000077c680000)
  from space 53760K, 80% used [0x000000077ff80000,0x00000007829862a8,0x0000000783400000)
  to   space 58368K, 0% used [0x000000077c680000,0x000000077c680000,0x000000077ff80000)
 ParOldGen       total 269312K, used 110284K [0x00000006c0c00000, 0x00000006d1300000, 0x000000076af00000)
  object space 269312K, 40% used [0x00000006c0c00000,0x00000006c77b3118,0x00000006d1300000)
 Metaspace       used 28990K, capacity 29212K, committed 29440K, reserved 1075200K
  class space    used 3468K, capacity 3574K, committed 3584K, reserved 1048576K
Event: 13.333 GC heap after
Heap after GC invocations=18 (full 3):
 PSYoungGen      total 344576K, used 21440K [0x000000076af00000, 0x0000000789680000, 0x00000007c0000000)
  eden space 286208K, 0% used [0x000000076af00000,0x000000076af00000,0x000000077c680000)
  from space 58368K, 36% used [0x000000077c680000,0x000000077db70340,0x000000077ff80000)
  to   space 55296K, 0% used [0x0000000786080000,0x0000000786080000,0x0000000789680000)
 ParOldGen       total 269312K, used 115919K [0x00000006c0c00000, 0x00000006d1300000, 0x000000076af00000)
  object space 269312K, 43% used [0x00000006c0c00000,0x00000006c7d33d78,0x00000006d1300000)
 Metaspace       used 28990K, capacity 29212K, committed 29440K, reserved 1075200K
  class space    used 3468K, capacity 3574K, committed 3584K, reserved 1048576K
}

