# JRE version: OpenJDK Runtime Environment (8.0_392-b08) (build 1.8.0_392-392-b08)
# Java VM: OpenJDK 64-Bit Server VM (25.392-b08 mixed mode windows-amd64 compressed oops)
Heap:
 PSYoungGen      total 345600K, used 141972K [0x000000076af00000, 0x0000000789780000, 0x00000007c0000000)
  eden space 286720K, 42% used [0x000000076af00000,0x0000000772661dd0,0x000000077c700000)
  from space 58880K, 33% used [0x000000077c700000,0x000000077da43348,0x0000000780080000)
  to   space 55808K, 0% used [0x0000000786100000,0x0000000786100000,0x0000000789780000)
 ParOldGen       total 268800K, used 115488K [0x00000006c0c00000, 0x00000006d1280000, 0x000000076af00000)
  object space 268800K, 42% used [0x00000006c0c00000,0x00000006c7cc8040,0x00000006d1280000)
 Metaspace       used 30622K, capacity 30872K, committed 31232K, reserved 1077248K
  class space    used 3628K, capacity 3739K, committed 3840K, reserved 1048576K
GC Heap History (10 events):
Event: 10.956 GC heap before
{Heap before GC invocations=14 (full 2):
 PSYoungGen      total 216064K, used 216053K [0x000000076af00000, 0x000000077b980000, 0x00000007c0000000)
  eden space 201728K, 100% used [0x000000076af00000,0x0000000777400000,0x0000000777400000)
  from space 14336K, 99% used [0x0000000777400000,0x00000007781fd4f8,0x0000000778200000)
  to   space 21504K, 0% used [0x000000077a480000,0x000000077a480000,0x000000077b980000)
 ParOldGen       total 123392K, used 42262K [0x00000006c0c00000, 0x00000006c8480000, 0x000000076af00000)
  object space 123392K, 34% used [0x00000006c0c00000,0x00000006c3545950,0x00000006c8480000)
 Metaspace       used 25362K, capacity 25551K, committed 25728K, reserved 1071104K
  class space    used 3088K, capacity 3146K, committed 3200K, reserved 1048576K
Event: 10.988 GC heap after
Heap after GC invocations=14 (full 2):
 PSYoungGen      total 235520K, used 21493K [0x000000076af00000, 0x0000000780280000, 0x00000007c0000000)
  eden space 214016K, 0% used [0x000000076af00000,0x000000076af00000,0x0000000778000000)
  from space 21504K, 99% used [0x000000077a480000,0x000000077b97d480,0x000000077b980000)
  to   space 37376K, 0% used [0x0000000778000000,0x0000000778000000,0x000000077a480000)
 ParOldGen       total 123392K, used 77088K [0x00000006c0c00000, 0x00000006c8480000, 0x000000076af00000)
  object space 123392K, 62% used [0x00000006c0c00000,0x00000006c5748188,0x00000006c8480000)
 Metaspace       used 25362K, capacity 25551K, committed 25728K, reserved 1071104K
  class space    used 3088K, capacity 3146K, committed 3200K, reserved 1048576K
}
Event: 12.986 GC heap before
{Heap before GC invocations=15 (full 2):
 PSYoungGen      total 235520K, used 235509K [0x000000076af00000, 0x0000000780280000, 0x00000007c0000000)
  eden space 214016K, 100% used [0x000000076af00000,0x0000000778000000,0x0000000778000000)
  from space 21504K, 99% used [0x000000077a480000,0x000000077b97d480,0x000000077b980000)
  to   space 37376K, 0% used [0x0000000778000000,0x0000000778000000,0x000000077a480000)
 ParOldGen       total 123392K, used 77088K [0x00000006c0c00000, 0x00000006c8480000, 0x000000076af00000)
  object space 123392K, 62% used [0x00000006c0c00000,0x00000006c5748188,0x00000006c8480000)
 Metaspace       used 25382K, capacity 25615K, committed 25984K, reserved 1073152K
  class space    used 3088K, capacity 3146K, committed 3200K, reserved 1048576K
Event: 13.022 GC heap after
Heap after GC invocations=15 (full 2):
 PSYoungGen      total 251392K, used 37361K [0x000000076af00000, 0x0000000783580000, 0x00000007c0000000)
  eden space 214016K, 0% used [0x000000076af00000,0x000000076af00000,0x0000000778000000)
  from space 37376K, 99% used [0x0000000778000000,0x000000077a47c530,0x000000077a480000)
  to   space 54272K, 0% used [0x0000000780080000,0x0000000780080000,0x0000000783580000)
 ParOldGen       total 123392K, used 106668K [0x00000006c0c00000, 0x00000006c8480000, 0x000000076af00000)
  object space 123392K, 86% used [0x00000006c0c00000,0x00000006c742b130,0x00000006c8480000)
 Metaspace       used 25382K, capacity 25615K, committed 25984K, reserved 1073152K
  class space    used 3088K, capacity 3146K, committed 3200K, reserved 1048576K
}
Event: 13.022 GC heap before
{Heap before GC invocations=16 (full 3):
 PSYoungGen      total 251392K, used 37361K [0x000000076af00000, 0x0000000783580000, 0x00000007c0000000)
  eden space 214016K, 0% used [0x000000076af00000,0x000000076af00000,0x0000000778000000)
  from space 37376K, 99% used [0x0000000778000000,0x000000077a47c530,0x000000077a480000)
  to   space 54272K, 0% used [0x0000000780080000,0x0000000780080000,0x0000000783580000)
 ParOldGen       total 123392K, used 106668K [0x00000006c0c00000, 0x00000006c8480000, 0x000000076af00000)
  object space 123392K, 86% used [0x00000006c0c00000,0x00000006c742b130,0x00000006c8480000)
 Metaspace       used 25382K, capacity 25615K, committed 25984K, reserved 1073152K
  class space    used 3088K, capacity 3146K, committed 3200K, reserved 1048576K
Event: 13.129 GC heap after
Heap after GC invocations=16 (full 3):
 PSYoungGen      total 251392K, used 0K [0x000000076af00000, 0x0000000783580000, 0x00000007c0000000)
  eden space 214016K, 0% used [0x000000076af00000,0x000000076af00000,0x0000000778000000)
  from space 37376K, 0% used [0x0000000778000000,0x0000000778000000,0x000000077a480000)
  to   space 54272K, 0% used [0x0000000780080000,0x0000000780080000,0x0000000783580000)
 ParOldGen       total 268800K, used 110682K [0x00000006c0c00000, 0x00000006d1280000, 0x000000076af00000)
  object space 268800K, 41% used [0x00000006c0c00000,0x00000006c7816940,0x00000006d1280000)
 Metaspace       used 25382K, capacity 25615K, committed 25984K, reserved 1073152K
  class space    used 3088K, capacity 3146K, committed 3200K, reserved 1048576K
}
Event: 14.605 GC heap before
{Heap before GC invocations=17 (full 3):
 PSYoungGen      total 251392K, used 214016K [0x000000076af00000, 0x0000000783580000, 0x00000007c0000000)
  eden space 214016K, 100% used [0x000000076af00000,0x0000000778000000,0x0000000778000000)
  from space 37376K, 0% used [0x0000000778000000,0x0000000778000000,0x000000077a480000)
  to   space 54272K, 0% used [0x0000000780080000,0x0000000780080000,0x0000000783580000)
 ParOldGen       total 268800K, used 110682K [0x00000006c0c00000, 0x00000006d1280000, 0x000000076af00000)
  object space 268800K, 41% used [0x00000006c0c00000,0x00000006c7816940,0x00000006d1280000)
 Metaspace       used 25427K, capacity 25615K, committed 25984K, reserved 1073152K
  class space    used 3088K, capacity 3146K, committed 3200K, reserved 1048576K
Event: 14.656 GC heap after
Heap after GC invocations=17 (full 3):
 PSYoungGen      total 340992K, used 42741K [0x000000076af00000, 0x0000000784100000, 0x00000007c0000000)
  eden space 286720K, 0% used [0x000000076af00000,0x000000076af00000,0x000000077c700000)
  from space 54272K, 78% used [0x0000000780080000,0x0000000782a3d5e8,0x0000000783580000)
  to   space 58880K, 0% used [0x000000077c700000,0x000000077c700000,0x0000000780080000)
 ParOldGen       total 268800K, used 110690K [0x00000006c0c00000, 0x00000006d1280000, 0x000000076af00000)
  object space 268800K, 41% used [0x00000006c0c00000,0x00000006c7818940,0x00000006d1280000)
 Metaspace       used 25427K, capacity 25615K, committed 25984K, reserved 1073152K
  class space    used 3088K, capacity 3146K, committed 3200K, reserved 1048576K
}
Event: 16.868 GC heap before
{Heap before GC invocations=18 (full 3):
 PSYoungGen      total 340992K, used 329461K [0x000000076af00000, 0x0000000784100000, 0x00000007c0000000)
  eden space 286720K, 100% used [0x000000076af00000,0x000000077c700000,0x000000077c700000)
  from space 54272K, 78% used [0x0000000780080000,0x0000000782a3d5e8,0x0000000783580000)
  to   space 58880K, 0% used [0x000000077c700000,0x000000077c700000,0x0000000780080000)
 ParOldGen       total 268800K, used 110690K [0x00000006c0c00000, 0x00000006d1280000, 0x000000076af00000)
  object space 268800K, 41% used [0x00000006c0c00000,0x00000006c7818940,0x00000006d1280000)
 Metaspace       used 29272K, capacity 29576K, committed 30080K, reserved 1075200K
  class space    used 3513K, capacity 3609K, committed 3712K, reserved 1048576K
Event: 16.890 GC heap after
Heap after GC invocations=18 (full 3):
 PSYoungGen      total 345600K, used 19724K [0x000000076af00000, 0x0000000789780000, 0x00000007c0000000)
  eden space 286720K, 0% used [0x000000076af00000,0x000000076af00000,0x000000077c700000)
  from space 58880K, 33% used [0x000000077c700000,0x000000077da43348,0x0000000780080000)
  to   space 55808K, 0% used [0x0000000786100000,0x0000000786100000,0x0000000789780000)
 ParOldGen       total 268800K, used 115488K [0x00000006c0c00000, 0x00000006d1280000, 0x000000076af00000)
  object space 268800K, 42% used [0x00000006c0c00000,0x00000006c7cc8040,0x00000006d1280000)
 Metaspace       used 29272K, capacity 29576K, committed 30080K, reserved 1075200K
  class space    used 3513K, capacity 3609K, committed 3712K, reserved 1048576K
}

