# JRE version: OpenJDK Runtime Environment (8.0_392-b08) (build 1.8.0_392-392-b08)
# Java VM: OpenJDK 64-Bit Server VM (25.392-b08 mixed mode windows-amd64 compressed oops)
Heap:
 PSYoungGen      total 292352K, used 102463K [0x000000076af00000, 0x0000000782f80000, 0x00000007c0000000)
  eden space 244224K, 38% used [0x000000076af00000,0x0000000770ab5060,0x0000000779d80000)
  from space 48128K, 17% used [0x0000000779d80000,0x000000077a5daca8,0x000000077cc80000)
  to   space 47104K, 0% used [0x0000000780180000,0x0000000780180000,0x0000000782f80000)
 ParOldGen       total 127488K, used 102989K [0x00000006c0c00000, 0x00000006c8880000, 0x000000076af00000)
  object space 127488K, 80% used [0x00000006c0c00000,0x00000006c70935c8,0x00000006c8880000)
 Metaspace       used 30846K, capacity 31156K, committed 31488K, reserved 1077248K
  class space    used 3668K, capacity 3771K, committed 3840K, reserved 1048576K
GC Heap History (10 events):
Event: 9.648 GC heap before
{Heap before GC invocations=17 (full 2):
 PSYoungGen      total 156672K, used 156657K [0x000000076af00000, 0x0000000777400000, 0x00000007c0000000)
  eden space 136704K, 100% used [0x000000076af00000,0x0000000773480000,0x0000000773480000)
  from space 19968K, 99% used [0x0000000774f00000,0x000000077627c718,0x0000000776280000)
  to   space 27136K, 0% used [0x0000000773480000,0x0000000773480000,0x0000000774f00000)
 ParOldGen       total 127488K, used 41786K [0x00000006c0c00000, 0x00000006c8880000, 0x000000076af00000)
  object space 127488K, 32% used [0x00000006c0c00000,0x00000006c34cea48,0x00000006c8880000)
 Metaspace       used 25345K, capacity 25579K, committed 25728K, reserved 1071104K
  class space    used 3092K, capacity 3178K, committed 3200K, reserved 1048576K
Event: 9.663 GC heap after
Heap after GC invocations=17 (full 2):
 PSYoungGen      total 163840K, used 27113K [0x000000076af00000, 0x000000077af80000, 0x00000007c0000000)
  eden space 136704K, 0% used [0x000000076af00000,0x000000076af00000,0x0000000773480000)
  from space 27136K, 99% used [0x0000000773480000,0x0000000774efa7b0,0x0000000774f00000)
  to   space 36864K, 0% used [0x0000000778b80000,0x0000000778b80000,0x000000077af80000)
 ParOldGen       total 127488K, used 57120K [0x00000006c0c00000, 0x00000006c8880000, 0x000000076af00000)
  object space 127488K, 44% used [0x00000006c0c00000,0x00000006c43c8250,0x00000006c8880000)
 Metaspace       used 25345K, capacity 25579K, committed 25728K, reserved 1071104K
  class space    used 3092K, capacity 3178K, committed 3200K, reserved 1048576K
}
Event: 10.544 GC heap before
{Heap before GC invocations=18 (full 2):
 PSYoungGen      total 163840K, used 163817K [0x000000076af00000, 0x000000077af80000, 0x00000007c0000000)
  eden space 136704K, 100% used [0x000000076af00000,0x0000000773480000,0x0000000773480000)
  from space 27136K, 99% used [0x0000000773480000,0x0000000774efa7b0,0x0000000774f00000)
  to   space 36864K, 0% used [0x0000000778b80000,0x0000000778b80000,0x000000077af80000)
 ParOldGen       total 127488K, used 57120K [0x00000006c0c00000, 0x00000006c8880000, 0x000000076af00000)
  object space 127488K, 44% used [0x00000006c0c00000,0x00000006c43c8250,0x00000006c8880000)
 Metaspace       used 25359K, capacity 25579K, committed 25728K, reserved 1071104K
  class space    used 3092K, capacity 3178K, committed 3200K, reserved 1048576K
Event: 10.571 GC heap after
Heap after GC invocations=18 (full 2):
 PSYoungGen      total 222208K, used 31518K [0x000000076af00000, 0x000000077b980000, 0x00000007c0000000)
  eden space 185344K, 0% used [0x000000076af00000,0x000000076af00000,0x0000000776400000)
  from space 36864K, 85% used [0x0000000778b80000,0x000000077aa47938,0x000000077af80000)
  to   space 40448K, 0% used [0x0000000776400000,0x0000000776400000,0x0000000778b80000)
 ParOldGen       total 127488K, used 81732K [0x00000006c0c00000, 0x00000006c8880000, 0x000000076af00000)
  object space 127488K, 64% used [0x00000006c0c00000,0x00000006c5bd10d8,0x00000006c8880000)
 Metaspace       used 25359K, capacity 25579K, committed 25728K, reserved 1071104K
  class space    used 3092K, capacity 3178K, committed 3200K, reserved 1048576K
}
Event: 11.515 GC heap before
{Heap before GC invocations=19 (full 2):
 PSYoungGen      total 222208K, used 216862K [0x000000076af00000, 0x000000077b980000, 0x00000007c0000000)
  eden space 185344K, 100% used [0x000000076af00000,0x0000000776400000,0x0000000776400000)
  from space 36864K, 85% used [0x0000000778b80000,0x000000077aa47938,0x000000077af80000)
  to   space 40448K, 0% used [0x0000000776400000,0x0000000776400000,0x0000000778b80000)
 ParOldGen       total 127488K, used 81732K [0x00000006c0c00000, 0x00000006c8880000, 0x000000076af00000)
  object space 127488K, 64% used [0x00000006c0c00000,0x00000006c5bd10d8,0x00000006c8880000)
 Metaspace       used 25383K, capacity 25579K, committed 25728K, reserved 1071104K
  class space    used 3092K, capacity 3178K, committed 3200K, reserved 1048576K
Event: 11.542 GC heap after
Heap after GC invocations=19 (full 2):
 PSYoungGen      total 225792K, used 37897K [0x000000076af00000, 0x0000000780900000, 0x00000007c0000000)
  eden space 185344K, 0% used [0x000000076af00000,0x000000076af00000,0x0000000776400000)
  from space 40448K, 93% used [0x0000000776400000,0x0000000778902538,0x0000000778b80000)
  to   space 46080K, 0% used [0x000000077dc00000,0x000000077dc00000,0x0000000780900000)
 ParOldGen       total 127488K, used 87372K [0x00000006c0c00000, 0x00000006c8880000, 0x000000076af00000)
  object space 127488K, 68% used [0x00000006c0c00000,0x00000006c61530f0,0x00000006c8880000)
 Metaspace       used 25383K, capacity 25579K, committed 25728K, reserved 1071104K
  class space    used 3092K, capacity 3178K, committed 3200K, reserved 1048576K
}
Event: 12.483 GC heap before
{Heap before GC invocations=20 (full 2):
 PSYoungGen      total 225792K, used 223241K [0x000000076af00000, 0x0000000780900000, 0x00000007c0000000)
  eden space 185344K, 100% used [0x000000076af00000,0x0000000776400000,0x0000000776400000)
  from space 40448K, 93% used [0x0000000776400000,0x0000000778902538,0x0000000778b80000)
  to   space 46080K, 0% used [0x000000077dc00000,0x000000077dc00000,0x0000000780900000)
 ParOldGen       total 127488K, used 87372K [0x00000006c0c00000, 0x00000006c8880000, 0x000000076af00000)
  object space 127488K, 68% used [0x00000006c0c00000,0x00000006c61530f0,0x00000006c8880000)
 Metaspace       used 26287K, capacity 26475K, committed 26624K, reserved 1073152K
  class space    used 3221K, capacity 3306K, committed 3328K, reserved 1048576K
Event: 12.508 GC heap after
Heap after GC invocations=20 (full 2):
 PSYoungGen      total 269312K, used 31931K [0x000000076af00000, 0x000000077fb80000, 0x00000007c0000000)
  eden space 237056K, 0% used [0x000000076af00000,0x000000076af00000,0x0000000779680000)
  from space 32256K, 98% used [0x000000077dc00000,0x000000077fb2ed30,0x000000077fb80000)
  to   space 48128K, 0% used [0x0000000779d80000,0x0000000779d80000,0x000000077cc80000)
 ParOldGen       total 127488K, used 94302K [0x00000006c0c00000, 0x00000006c8880000, 0x000000076af00000)
  object space 127488K, 73% used [0x00000006c0c00000,0x00000006c6817b70,0x00000006c8880000)
 Metaspace       used 26287K, capacity 26475K, committed 26624K, reserved 1073152K
  class space    used 3221K, capacity 3306K, committed 3328K, reserved 1048576K
}
Event: 13.377 GC heap before
{Heap before GC invocations=21 (full 2):
 PSYoungGen      total 269312K, used 268987K [0x000000076af00000, 0x000000077fb80000, 0x00000007c0000000)
  eden space 237056K, 100% used [0x000000076af00000,0x0000000779680000,0x0000000779680000)
  from space 32256K, 98% used [0x000000077dc00000,0x000000077fb2ed30,0x000000077fb80000)
  to   space 48128K, 0% used [0x0000000779d80000,0x0000000779d80000,0x000000077cc80000)
 ParOldGen       total 127488K, used 94302K [0x00000006c0c00000, 0x00000006c8880000, 0x000000076af00000)
  object space 127488K, 73% used [0x00000006c0c00000,0x00000006c6817b70,0x00000006c8880000)
 Metaspace       used 29685K, capacity 29924K, committed 30336K, reserved 1075200K
  class space    used 3543K, capacity 3641K, committed 3712K, reserved 1048576K
Event: 13.384 GC heap after
Heap after GC invocations=21 (full 2):
 PSYoungGen      total 292352K, used 8555K [0x000000076af00000, 0x0000000782f80000, 0x00000007c0000000)
  eden space 244224K, 0% used [0x000000076af00000,0x000000076af00000,0x0000000779d80000)
  from space 48128K, 17% used [0x0000000779d80000,0x000000077a5daca8,0x000000077cc80000)
  to   space 47104K, 0% used [0x0000000780180000,0x0000000780180000,0x0000000782f80000)
 ParOldGen       total 127488K, used 102989K [0x00000006c0c00000, 0x00000006c8880000, 0x000000076af00000)
  object space 127488K, 80% used [0x00000006c0c00000,0x00000006c70935c8,0x00000006c8880000)
 Metaspace       used 29685K, capacity 29924K, committed 30336K, reserved 1075200K
  class space    used 3543K, capacity 3641K, committed 3712K, reserved 1048576K
}

