# JRE version: OpenJDK Runtime Environment (8.0_392-b08) (build 1.8.0_392-392-b08)
# Java VM: OpenJDK 64-Bit Server VM (25.392-b08 mixed mode windows-amd64 compressed oops)
Heap:
 PSYoungGen      total 344064K, used 158924K [0x000000076af00000, 0x0000000789200000, 0x00000007c0000000)
  eden space 285696K, 48% used [0x000000076af00000,0x000000077360b4d8,0x000000077c600000)
  from space 58368K, 35% used [0x000000077c600000,0x000000077da27e90,0x000000077ff00000)
  to   space 54784K, 0% used [0x0000000785c80000,0x0000000785c80000,0x0000000789200000)
 ParOldGen       total 268288K, used 114983K [0x00000006c0c00000, 0x00000006d1200000, 0x000000076af00000)
  object space 268288K, 42% used [0x00000006c0c00000,0x00000006c7c49c18,0x00000006d1200000)
 Metaspace       used 30582K, capacity 30872K, committed 31232K, reserved 1077248K
  class space    used 3622K, capacity 3739K, committed 3840K, reserved 1048576K
GC Heap History (10 events):
Event: 9.535 GC heap before
{Heap before GC invocations=14 (full 2):
 PSYoungGen      total 211456K, used 211435K [0x000000076af00000, 0x000000077b600000, 0x00000007c0000000)
  eden space 197632K, 100% used [0x000000076af00000,0x0000000777000000,0x0000000777000000)
  from space 13824K, 99% used [0x0000000777000000,0x0000000777d7ad00,0x0000000777d80000)
  to   space 20992K, 0% used [0x000000077a180000,0x000000077a180000,0x000000077b600000)
 ParOldGen       total 124928K, used 42426K [0x00000006c0c00000, 0x00000006c8600000, 0x000000076af00000)
  object space 124928K, 33% used [0x00000006c0c00000,0x00000006c356e9f8,0x00000006c8600000)
 Metaspace       used 25352K, capacity 25551K, committed 25728K, reserved 1071104K
  class space    used 3088K, capacity 3146K, committed 3200K, reserved 1048576K
Event: 9.559 GC heap after
Heap after GC invocations=14 (full 2):
 PSYoungGen      total 232960K, used 20969K [0x000000076af00000, 0x000000077fc00000, 0x00000007c0000000)
  eden space 211968K, 0% used [0x000000076af00000,0x000000076af00000,0x0000000777e00000)
  from space 20992K, 99% used [0x000000077a180000,0x000000077b5fa4f0,0x000000077b600000)
  to   space 36352K, 0% used [0x0000000777e00000,0x0000000777e00000,0x000000077a180000)
 ParOldGen       total 124928K, used 76766K [0x00000006c0c00000, 0x00000006c8600000, 0x000000076af00000)
  object space 124928K, 61% used [0x00000006c0c00000,0x00000006c56f7ad0,0x00000006c8600000)
 Metaspace       used 25352K, capacity 25551K, committed 25728K, reserved 1071104K
  class space    used 3088K, capacity 3146K, committed 3200K, reserved 1048576K
}
Event: 10.983 GC heap before
{Heap before GC invocations=15 (full 2):
 PSYoungGen      total 232960K, used 232937K [0x000000076af00000, 0x000000077fc00000, 0x00000007c0000000)
  eden space 211968K, 100% used [0x000000076af00000,0x0000000777e00000,0x0000000777e00000)
  from space 20992K, 99% used [0x000000077a180000,0x000000077b5fa4f0,0x000000077b600000)
  to   space 36352K, 0% used [0x0000000777e00000,0x0000000777e00000,0x000000077a180000)
 ParOldGen       total 124928K, used 76766K [0x00000006c0c00000, 0x00000006c8600000, 0x000000076af00000)
  object space 124928K, 61% used [0x00000006c0c00000,0x00000006c56f7ad0,0x00000006c8600000)
 Metaspace       used 25365K, capacity 25551K, committed 25728K, reserved 1071104K
  class space    used 3088K, capacity 3146K, committed 3200K, reserved 1048576K
Event: 11.016 GC heap after
Heap after GC invocations=15 (full 2):
 PSYoungGen      total 248320K, used 36337K [0x000000076af00000, 0x0000000783300000, 0x00000007c0000000)
  eden space 211968K, 0% used [0x000000076af00000,0x000000076af00000,0x0000000777e00000)
  from space 36352K, 99% used [0x0000000777e00000,0x000000077a17c5b0,0x000000077a180000)
  to   space 53248K, 0% used [0x000000077ff00000,0x000000077ff00000,0x0000000783300000)
 ParOldGen       total 124928K, used 106466K [0x00000006c0c00000, 0x00000006c8600000, 0x000000076af00000)
  object space 124928K, 85% used [0x00000006c0c00000,0x00000006c73f8b40,0x00000006c8600000)
 Metaspace       used 25365K, capacity 25551K, committed 25728K, reserved 1071104K
  class space    used 3088K, capacity 3146K, committed 3200K, reserved 1048576K
}
Event: 11.016 GC heap before
{Heap before GC invocations=16 (full 3):
 PSYoungGen      total 248320K, used 36337K [0x000000076af00000, 0x0000000783300000, 0x00000007c0000000)
  eden space 211968K, 0% used [0x000000076af00000,0x000000076af00000,0x0000000777e00000)
  from space 36352K, 99% used [0x0000000777e00000,0x000000077a17c5b0,0x000000077a180000)
  to   space 53248K, 0% used [0x000000077ff00000,0x000000077ff00000,0x0000000783300000)
 ParOldGen       total 124928K, used 106466K [0x00000006c0c00000, 0x00000006c8600000, 0x000000076af00000)
  object space 124928K, 85% used [0x00000006c0c00000,0x00000006c73f8b40,0x00000006c8600000)
 Metaspace       used 25365K, capacity 25551K, committed 25728K, reserved 1071104K
  class space    used 3088K, capacity 3146K, committed 3200K, reserved 1048576K
Event: 11.113 GC heap after
Heap after GC invocations=16 (full 3):
 PSYoungGen      total 248320K, used 0K [0x000000076af00000, 0x0000000783300000, 0x00000007c0000000)
  eden space 211968K, 0% used [0x000000076af00000,0x000000076af00000,0x0000000777e00000)
  from space 36352K, 0% used [0x0000000777e00000,0x0000000777e00000,0x000000077a180000)
  to   space 53248K, 0% used [0x000000077ff00000,0x000000077ff00000,0x0000000783300000)
 ParOldGen       total 268288K, used 108952K [0x00000006c0c00000, 0x00000006d1200000, 0x000000076af00000)
  object space 268288K, 40% used [0x00000006c0c00000,0x00000006c7666058,0x00000006d1200000)
 Metaspace       used 25365K, capacity 25551K, committed 25728K, reserved 1071104K
  class space    used 3088K, capacity 3146K, committed 3200K, reserved 1048576K
}
Event: 12.164 GC heap before
{Heap before GC invocations=17 (full 3):
 PSYoungGen      total 248320K, used 211968K [0x000000076af00000, 0x0000000783300000, 0x00000007c0000000)
  eden space 211968K, 100% used [0x000000076af00000,0x0000000777e00000,0x0000000777e00000)
  from space 36352K, 0% used [0x0000000777e00000,0x0000000777e00000,0x000000077a180000)
  to   space 53248K, 0% used [0x000000077ff00000,0x000000077ff00000,0x0000000783300000)
 ParOldGen       total 268288K, used 108952K [0x00000006c0c00000, 0x00000006d1200000, 0x000000076af00000)
  object space 268288K, 40% used [0x00000006c0c00000,0x00000006c7666058,0x00000006d1200000)
 Metaspace       used 25415K, capacity 25615K, committed 25984K, reserved 1073152K
  class space    used 3088K, capacity 3146K, committed 3200K, reserved 1048576K
Event: 12.199 GC heap after
Heap after GC invocations=17 (full 3):
 PSYoungGen      total 338944K, used 43092K [0x000000076af00000, 0x0000000783b80000, 0x00000007c0000000)
  eden space 285696K, 0% used [0x000000076af00000,0x000000076af00000,0x000000077c600000)
  from space 53248K, 80% used [0x000000077ff00000,0x0000000782915360,0x0000000783300000)
  to   space 58368K, 0% used [0x000000077c600000,0x000000077c600000,0x000000077ff00000)
 ParOldGen       total 268288K, used 108960K [0x00000006c0c00000, 0x00000006d1200000, 0x000000076af00000)
  object space 268288K, 40% used [0x00000006c0c00000,0x00000006c7668058,0x00000006d1200000)
 Metaspace       used 25415K, capacity 25615K, committed 25984K, reserved 1073152K
  class space    used 3088K, capacity 3146K, committed 3200K, reserved 1048576K
}
Event: 13.383 GC heap before
{Heap before GC invocations=18 (full 3):
 PSYoungGen      total 338944K, used 328788K [0x000000076af00000, 0x0000000783b80000, 0x00000007c0000000)
  eden space 285696K, 100% used [0x000000076af00000,0x000000077c600000,0x000000077c600000)
  from space 53248K, 80% used [0x000000077ff00000,0x0000000782915360,0x0000000783300000)
  to   space 58368K, 0% used [0x000000077c600000,0x000000077c600000,0x000000077ff00000)
 ParOldGen       total 268288K, used 108960K [0x00000006c0c00000, 0x00000006d1200000, 0x000000076af00000)
  object space 268288K, 40% used [0x00000006c0c00000,0x00000006c7668058,0x00000006d1200000)
 Metaspace       used 29086K, capacity 29352K, committed 29696K, reserved 1075200K
  class space    used 3480K, capacity 3577K, committed 3584K, reserved 1048576K
Event: 13.398 GC heap after
Heap after GC invocations=18 (full 3):
 PSYoungGen      total 344064K, used 20639K [0x000000076af00000, 0x0000000789200000, 0x00000007c0000000)
  eden space 285696K, 0% used [0x000000076af00000,0x000000076af00000,0x000000077c600000)
  from space 58368K, 35% used [0x000000077c600000,0x000000077da27e90,0x000000077ff00000)
  to   space 54784K, 0% used [0x0000000785c80000,0x0000000785c80000,0x0000000789200000)
 ParOldGen       total 268288K, used 114983K [0x00000006c0c00000, 0x00000006d1200000, 0x000000076af00000)
  object space 268288K, 42% used [0x00000006c0c00000,0x00000006c7c49c18,0x00000006d1200000)
 Metaspace       used 29086K, capacity 29352K, committed 29696K, reserved 1075200K
  class space    used 3480K, capacity 3577K, committed 3584K, reserved 1048576K
}

