# JRE version: OpenJDK Runtime Environment (8.0_392-b08) (build 1.8.0_392-392-b08)
# Java VM: OpenJDK 64-Bit Server VM (25.392-b08 mixed mode windows-amd64 compressed oops)
Heap:
 PSYoungGen      total 363008K, used 118066K [0x000000076af00000, 0x000000078b180000, 0x00000007c0000000)
  eden space 303104K, 33% used [0x000000076af00000,0x0000000771145840,0x000000077d700000)
  from space 59904K, 29% used [0x000000077d700000,0x000000077e8073b8,0x0000000781180000)
  to   space 57344K, 0% used [0x0000000787980000,0x0000000787980000,0x000000078b180000)
 ParOldGen       total 267264K, used 118634K [0x00000006c0c00000, 0x00000006d1100000, 0x000000076af00000)
  object space 267264K, 44% used [0x00000006c0c00000,0x00000006c7fda848,0x00000006d1100000)
 Metaspace       used 30632K, capacity 30872K, committed 31232K, reserved 1077248K
  class space    used 3630K, capacity 3739K, committed 3840K, reserved 1048576K
GC Heap History (10 events):
Event: 10.119 GC heap before
{Heap before GC invocations=14 (full 2):
 PSYoungGen      total 217088K, used 217085K [0x000000076af00000, 0x000000077bf80000, 0x00000007c0000000)
  eden space 203264K, 100% used [0x000000076af00000,0x0000000777580000,0x0000000777580000)
  from space 13824K, 99% used [0x0000000777580000,0x00000007782ff748,0x0000000778300000)
  to   space 21504K, 0% used [0x000000077aa80000,0x000000077aa80000,0x000000077bf80000)
 ParOldGen       total 122880K, used 43196K [0x00000006c0c00000, 0x00000006c8400000, 0x000000076af00000)
  object space 122880K, 35% used [0x00000006c0c00000,0x00000006c362f0a8,0x00000006c8400000)
 Metaspace       used 25363K, capacity 25551K, committed 25728K, reserved 1071104K
  class space    used 3088K, capacity 3146K, committed 3200K, reserved 1048576K
Event: 10.144 GC heap after
Heap after GC invocations=14 (full 2):
 PSYoungGen      total 241664K, used 21479K [0x000000076af00000, 0x0000000780b00000, 0x00000007c0000000)
  eden space 220160K, 0% used [0x000000076af00000,0x000000076af00000,0x0000000778600000)
  from space 21504K, 99% used [0x000000077aa80000,0x000000077bf79e70,0x000000077bf80000)
  to   space 37376K, 0% used [0x0000000778600000,0x0000000778600000,0x000000077aa80000)
 ParOldGen       total 122880K, used 79226K [0x00000006c0c00000, 0x00000006c8400000, 0x000000076af00000)
  object space 122880K, 64% used [0x00000006c0c00000,0x00000006c595ebe0,0x00000006c8400000)
 Metaspace       used 25363K, capacity 25551K, committed 25728K, reserved 1071104K
  class space    used 3088K, capacity 3146K, committed 3200K, reserved 1048576K
}
Event: 11.597 GC heap before
{Heap before GC invocations=15 (full 2):
 PSYoungGen      total 241664K, used 241639K [0x000000076af00000, 0x0000000780b00000, 0x00000007c0000000)
  eden space 220160K, 100% used [0x000000076af00000,0x0000000778600000,0x0000000778600000)
  from space 21504K, 99% used [0x000000077aa80000,0x000000077bf79e70,0x000000077bf80000)
  to   space 37376K, 0% used [0x0000000778600000,0x0000000778600000,0x000000077aa80000)
 ParOldGen       total 122880K, used 79226K [0x00000006c0c00000, 0x00000006c8400000, 0x000000076af00000)
  object space 122880K, 64% used [0x00000006c0c00000,0x00000006c595ebe0,0x00000006c8400000)
 Metaspace       used 25376K, capacity 25551K, committed 25728K, reserved 1071104K
  class space    used 3088K, capacity 3146K, committed 3200K, reserved 1048576K
Event: 11.633 GC heap after
Heap after GC invocations=15 (full 2):
 PSYoungGen      total 257536K, used 37374K [0x000000076af00000, 0x0000000784780000, 0x00000007c0000000)
  eden space 220160K, 0% used [0x000000076af00000,0x000000076af00000,0x0000000778600000)
  from space 37376K, 99% used [0x0000000778600000,0x000000077aa7fa68,0x000000077aa80000)
  to   space 54784K, 0% used [0x0000000781200000,0x0000000781200000,0x0000000784780000)
 ParOldGen       total 122880K, used 109488K [0x00000006c0c00000, 0x00000006c8400000, 0x000000076af00000)
  object space 122880K, 89% used [0x00000006c0c00000,0x00000006c76ec280,0x00000006c8400000)
 Metaspace       used 25376K, capacity 25551K, committed 25728K, reserved 1071104K
  class space    used 3088K, capacity 3146K, committed 3200K, reserved 1048576K
}
Event: 11.633 GC heap before
{Heap before GC invocations=16 (full 3):
 PSYoungGen      total 257536K, used 37374K [0x000000076af00000, 0x0000000784780000, 0x00000007c0000000)
  eden space 220160K, 0% used [0x000000076af00000,0x000000076af00000,0x0000000778600000)
  from space 37376K, 99% used [0x0000000778600000,0x000000077aa7fa68,0x000000077aa80000)
  to   space 54784K, 0% used [0x0000000781200000,0x0000000781200000,0x0000000784780000)
 ParOldGen       total 122880K, used 109488K [0x00000006c0c00000, 0x00000006c8400000, 0x000000076af00000)
  object space 122880K, 89% used [0x00000006c0c00000,0x00000006c76ec280,0x00000006c8400000)
 Metaspace       used 25376K, capacity 25551K, committed 25728K, reserved 1071104K
  class space    used 3088K, capacity 3146K, committed 3200K, reserved 1048576K
Event: 11.726 GC heap after
Heap after GC invocations=16 (full 3):
 PSYoungGen      total 257536K, used 0K [0x000000076af00000, 0x0000000784780000, 0x00000007c0000000)
  eden space 220160K, 0% used [0x000000076af00000,0x000000076af00000,0x0000000778600000)
  from space 37376K, 0% used [0x0000000778600000,0x0000000778600000,0x000000077aa80000)
  to   space 54784K, 0% used [0x0000000781200000,0x0000000781200000,0x0000000784780000)
 ParOldGen       total 267264K, used 112435K [0x00000006c0c00000, 0x00000006d1100000, 0x000000076af00000)
  object space 267264K, 42% used [0x00000006c0c00000,0x00000006c79ccd50,0x00000006d1100000)
 Metaspace       used 25376K, capacity 25551K, committed 25728K, reserved 1071104K
  class space    used 3088K, capacity 3146K, committed 3200K, reserved 1048576K
}
Event: 12.887 GC heap before
{Heap before GC invocations=17 (full 3):
 PSYoungGen      total 257536K, used 220160K [0x000000076af00000, 0x0000000784780000, 0x00000007c0000000)
  eden space 220160K, 100% used [0x000000076af00000,0x0000000778600000,0x0000000778600000)
  from space 37376K, 0% used [0x0000000778600000,0x0000000778600000,0x000000077aa80000)
  to   space 54784K, 0% used [0x0000000781200000,0x0000000781200000,0x0000000784780000)
 ParOldGen       total 267264K, used 112435K [0x00000006c0c00000, 0x00000006d1100000, 0x000000076af00000)
  object space 267264K, 42% used [0x00000006c0c00000,0x00000006c79ccd50,0x00000006d1100000)
 Metaspace       used 25441K, capacity 25615K, committed 25984K, reserved 1073152K
  class space    used 3088K, capacity 3146K, committed 3200K, reserved 1048576K
Event: 12.921 GC heap after
Heap after GC invocations=17 (full 3):
 PSYoungGen      total 357888K, used 44260K [0x000000076af00000, 0x0000000784c00000, 0x00000007c0000000)
  eden space 303104K, 0% used [0x000000076af00000,0x000000076af00000,0x000000077d700000)
  from space 54784K, 80% used [0x0000000781200000,0x0000000783d392b0,0x0000000784780000)
  to   space 59904K, 0% used [0x000000077d700000,0x000000077d700000,0x0000000781180000)
 ParOldGen       total 267264K, used 112443K [0x00000006c0c00000, 0x00000006d1100000, 0x000000076af00000)
  object space 267264K, 42% used [0x00000006c0c00000,0x00000006c79ced50,0x00000006d1100000)
 Metaspace       used 25441K, capacity 25615K, committed 25984K, reserved 1073152K
  class space    used 3088K, capacity 3146K, committed 3200K, reserved 1048576K
}
Event: 14.052 GC heap before
{Heap before GC invocations=18 (full 3):
 PSYoungGen      total 357888K, used 347364K [0x000000076af00000, 0x0000000784c00000, 0x00000007c0000000)
  eden space 303104K, 100% used [0x000000076af00000,0x000000077d700000,0x000000077d700000)
  from space 54784K, 80% used [0x0000000781200000,0x0000000783d392b0,0x0000000784780000)
  to   space 59904K, 0% used [0x000000077d700000,0x000000077d700000,0x0000000781180000)
 ParOldGen       total 267264K, used 112443K [0x00000006c0c00000, 0x00000006d1100000, 0x000000076af00000)
  object space 267264K, 42% used [0x00000006c0c00000,0x00000006c79ced50,0x00000006d1100000)
 Metaspace       used 29546K, capacity 29800K, committed 30080K, reserved 1075200K
  class space    used 3528K, capacity 3641K, committed 3712K, reserved 1048576K
Event: 14.065 GC heap after
Heap after GC invocations=18 (full 3):
 PSYoungGen      total 363008K, used 17436K [0x000000076af00000, 0x000000078b180000, 0x00000007c0000000)
  eden space 303104K, 0% used [0x000000076af00000,0x000000076af00000,0x000000077d700000)
  from space 59904K, 29% used [0x000000077d700000,0x000000077e8073b8,0x0000000781180000)
  to   space 57344K, 0% used [0x0000000787980000,0x0000000787980000,0x000000078b180000)
 ParOldGen       total 267264K, used 118634K [0x00000006c0c00000, 0x00000006d1100000, 0x000000076af00000)
  object space 267264K, 44% used [0x00000006c0c00000,0x00000006c7fda848,0x00000006d1100000)
 Metaspace       used 29546K, capacity 29800K, committed 30080K, reserved 1075200K
  class space    used 3528K, capacity 3641K, committed 3712K, reserved 1048576K
}

