# JRE version: OpenJDK Runtime Environment (8.0_392-b08) (build 1.8.0_392-392-b08)
# Java VM: OpenJDK 64-Bit Server VM (25.392-b08 mixed mode windows-amd64 compressed oops)
Heap:
 PSYoungGen      total 507904K, used 297162K [0x000000076af00000, 0x000000078d800000, 0x00000007c0000000)
  eden space 464384K, 56% used [0x000000076af00000,0x000000077ae189d0,0x0000000787480000)
  from space 43520K, 82% used [0x000000078a380000,0x000000078c699ec8,0x000000078ce00000)
  to   space 48128K, 0% used [0x0000000787480000,0x0000000787480000,0x000000078a380000)
 ParOldGen       total 249344K, used 104771K [0x00000006c0c00000, 0x00000006cff80000, 0x000000076af00000)
  object space 249344K, 42% used [0x00000006c0c00000,0x00000006c7250e90,0x00000006cff80000)
 Metaspace       used 41591K, capacity 41953K, committed 42456K, reserved 1085440K
  class space    used 5410K, capacity 5504K, committed 5592K, reserved 1048576K
GC Heap History (10 events):
Event: 16.769 GC heap before
{Heap before GC invocations=23 (full 2):
 PSYoungGen      total 349696K, used 218867K [0x000000076af00000, 0x0000000783380000, 0x00000007c0000000)
  eden space 304128K, 68% used [0x000000076af00000,0x00000007779a69c8,0x000000077d800000)
  from space 45568K, 24% used [0x0000000780300000,0x0000000780e16618,0x0000000782f80000)
  to   space 44032K, 0% used [0x000000077d800000,0x000000077d800000,0x0000000780300000)
 ParOldGen       total 126464K, used 108460K [0x00000006c0c00000, 0x00000006c8780000, 0x000000076af00000)
  object space 126464K, 85% used [0x00000006c0c00000,0x00000006c75eb3c0,0x00000006c8780000)
 Metaspace       used 34725K, capacity 34997K, committed 35416K, reserved 1081344K
  class space    used 4281K, capacity 4383K, committed 4440K, reserved 1048576K
Event: 16.777 GC heap after
Heap after GC invocations=23 (full 2):
 PSYoungGen      total 348160K, used 6363K [0x000000076af00000, 0x0000000787500000, 0x00000007c0000000)
  eden space 304128K, 0% used [0x000000076af00000,0x000000076af00000,0x000000077d800000)
  from space 44032K, 14% used [0x000000077d800000,0x000000077de36d58,0x0000000780300000)
  to   space 43520K, 0% used [0x0000000784a80000,0x0000000784a80000,0x0000000787500000)
 ParOldGen       total 126464K, used 114798K [0x00000006c0c00000, 0x00000006c8780000, 0x000000076af00000)
  object space 126464K, 90% used [0x00000006c0c00000,0x00000006c7c1b9a0,0x00000006c8780000)
 Metaspace       used 34725K, capacity 34997K, committed 35416K, reserved 1081344K
  class space    used 4281K, capacity 4383K, committed 4440K, reserved 1048576K
}
Event: 16.777 GC heap before
{Heap before GC invocations=24 (full 3):
 PSYoungGen      total 348160K, used 6363K [0x000000076af00000, 0x0000000787500000, 0x00000007c0000000)
  eden space 304128K, 0% used [0x000000076af00000,0x000000076af00000,0x000000077d800000)
  from space 44032K, 14% used [0x000000077d800000,0x000000077de36d58,0x0000000780300000)
  to   space 43520K, 0% used [0x0000000784a80000,0x0000000784a80000,0x0000000787500000)
 ParOldGen       total 126464K, used 114798K [0x00000006c0c00000, 0x00000006c8780000, 0x000000076af00000)
  object space 126464K, 90% used [0x00000006c0c00000,0x00000006c7c1b9a0,0x00000006c8780000)
 Metaspace       used 34725K, capacity 34997K, committed 35416K, reserved 1081344K
  class space    used 4281K, capacity 4383K, committed 4440K, reserved 1048576K
Event: 16.916 GC heap after
Heap after GC invocations=24 (full 3):
 PSYoungGen      total 348160K, used 0K [0x000000076af00000, 0x0000000787500000, 0x00000007c0000000)
  eden space 304128K, 0% used [0x000000076af00000,0x000000076af00000,0x000000077d800000)
  from space 44032K, 0% used [0x000000077d800000,0x000000077d800000,0x0000000780300000)
  to   space 43520K, 0% used [0x0000000784a80000,0x0000000784a80000,0x0000000787500000)
 ParOldGen       total 249344K, used 102281K [0x00000006c0c00000, 0x00000006cff80000, 0x000000076af00000)
  object space 249344K, 41% used [0x00000006c0c00000,0x00000006c6fe27f8,0x00000006cff80000)
 Metaspace       used 34725K, capacity 34997K, committed 35416K, reserved 1081344K
  class space    used 4281K, capacity 4383K, committed 4440K, reserved 1048576K
}
Event: 17.020 GC heap before
{Heap before GC invocations=25 (full 3):
 PSYoungGen      total 348160K, used 303739K [0x000000076af00000, 0x0000000787500000, 0x00000007c0000000)
  eden space 304128K, 99% used [0x000000076af00000,0x000000077d79efc8,0x000000077d800000)
  from space 44032K, 0% used [0x000000077d800000,0x000000077d800000,0x0000000780300000)
  to   space 43520K, 0% used [0x0000000784a80000,0x0000000784a80000,0x0000000787500000)
 ParOldGen       total 249344K, used 102281K [0x00000006c0c00000, 0x00000006cff80000, 0x000000076af00000)
  object space 249344K, 41% used [0x00000006c0c00000,0x00000006c6fe27f8,0x00000006cff80000)
 Metaspace       used 34773K, capacity 35061K, committed 35672K, reserved 1081344K
  class space    used 4282K, capacity 4383K, committed 4440K, reserved 1048576K
Event: 17.022 GC heap after
Heap after GC invocations=25 (full 3):
 PSYoungGen      total 404992K, used 1780K [0x000000076af00000, 0x0000000786d00000, 0x00000007c0000000)
  eden space 369664K, 0% used [0x000000076af00000,0x000000076af00000,0x0000000781800000)
  from space 35328K, 5% used [0x0000000784a80000,0x0000000784c3d010,0x0000000786d00000)
  to   space 43520K, 0% used [0x0000000781800000,0x0000000781800000,0x0000000784280000)
 ParOldGen       total 249344K, used 102281K [0x00000006c0c00000, 0x00000006cff80000, 0x000000076af00000)
  object space 249344K, 41% used [0x00000006c0c00000,0x00000006c6fe27f8,0x00000006cff80000)
 Metaspace       used 34773K, capacity 35061K, committed 35672K, reserved 1081344K
  class space    used 4282K, capacity 4383K, committed 4440K, reserved 1048576K
}
Event: 17.215 GC heap before
{Heap before GC invocations=26 (full 3):
 PSYoungGen      total 404992K, used 371444K [0x000000076af00000, 0x0000000786d00000, 0x00000007c0000000)
  eden space 369664K, 100% used [0x000000076af00000,0x0000000781800000,0x0000000781800000)
  from space 35328K, 5% used [0x0000000784a80000,0x0000000784c3d010,0x0000000786d00000)
  to   space 43520K, 0% used [0x0000000781800000,0x0000000781800000,0x0000000784280000)
 ParOldGen       total 249344K, used 102281K [0x00000006c0c00000, 0x00000006cff80000, 0x000000076af00000)
  object space 249344K, 41% used [0x00000006c0c00000,0x00000006c6fe27f8,0x00000006cff80000)
 Metaspace       used 36214K, capacity 36469K, committed 36952K, reserved 1081344K
  class space    used 4283K, capacity 4383K, committed 4440K, reserved 1048576K
Event: 17.225 GC heap after
Heap after GC invocations=26 (full 3):
 PSYoungGen      total 413184K, used 23618K [0x000000076af00000, 0x000000078ce00000, 0x00000007c0000000)
  eden space 369664K, 0% used [0x000000076af00000,0x000000076af00000,0x0000000781800000)
  from space 43520K, 54% used [0x0000000781800000,0x0000000782f108d8,0x0000000784280000)
  to   space 43520K, 0% used [0x000000078a380000,0x000000078a380000,0x000000078ce00000)
 ParOldGen       total 249344K, used 102314K [0x00000006c0c00000, 0x00000006cff80000, 0x000000076af00000)
  object space 249344K, 41% used [0x00000006c0c00000,0x00000006c6fea808,0x00000006cff80000)
 Metaspace       used 36214K, capacity 36469K, committed 36952K, reserved 1081344K
  class space    used 4283K, capacity 4383K, committed 4440K, reserved 1048576K
}
Event: 17.968 GC heap before
{Heap before GC invocations=27 (full 3):
 PSYoungGen      total 413184K, used 393282K [0x000000076af00000, 0x000000078ce00000, 0x00000007c0000000)
  eden space 369664K, 100% used [0x000000076af00000,0x0000000781800000,0x0000000781800000)
  from space 43520K, 54% used [0x0000000781800000,0x0000000782f108d8,0x0000000784280000)
  to   space 43520K, 0% used [0x000000078a380000,0x000000078a380000,0x000000078ce00000)
 ParOldGen       total 249344K, used 102314K [0x00000006c0c00000, 0x00000006cff80000, 0x000000076af00000)
  object space 249344K, 41% used [0x00000006c0c00000,0x00000006c6fea808,0x00000006cff80000)
 Metaspace       used 41400K, capacity 41665K, committed 42200K, reserved 1085440K
  class space    used 5408K, capacity 5472K, committed 5592K, reserved 1048576K
Event: 17.986 GC heap after
Heap after GC invocations=27 (full 3):
 PSYoungGen      total 507904K, used 35943K [0x000000076af00000, 0x000000078d800000, 0x00000007c0000000)
  eden space 464384K, 0% used [0x000000076af00000,0x000000076af00000,0x0000000787480000)
  from space 43520K, 82% used [0x000000078a380000,0x000000078c699ec8,0x000000078ce00000)
  to   space 48128K, 0% used [0x0000000787480000,0x0000000787480000,0x000000078a380000)
 ParOldGen       total 249344K, used 104771K [0x00000006c0c00000, 0x00000006cff80000, 0x000000076af00000)
  object space 249344K, 42% used [0x00000006c0c00000,0x00000006c7250e90,0x00000006cff80000)
 Metaspace       used 41400K, capacity 41665K, committed 42200K, reserved 1085440K
  class space    used 5408K, capacity 5472K, committed 5592K, reserved 1048576K
}

