# JRE version: OpenJDK Runtime Environment (8.0_392-b08) (build 1.8.0_392-392-b08)
# Java VM: OpenJDK 64-Bit Server VM (25.392-b08 mixed mode windows-amd64 compressed oops)
Heap:
 PSYoungGen      total 225792K, used 25538K [0x000000076af00000, 0x000000077d200000, 0x00000007c0000000)
  eden space 202752K, 7% used [0x000000076af00000,0x000000076be180d8,0x0000000777500000)
  from space 23040K, 43% used [0x000000077bb80000,0x000000077c558760,0x000000077d200000)
  to   space 47616K, 0% used [0x0000000777500000,0x0000000777500000,0x000000077a380000)
 ParOldGen       total 129536K, used 107100K [0x00000006c0c00000, 0x00000006c8a80000, 0x000000076af00000)
  object space 129536K, 82% used [0x00000006c0c00000,0x00000006c74971e0,0x00000006c8a80000)
 Metaspace       used 28297K, capacity 28549K, committed 28928K, reserved 1075200K
  class space    used 3449K, capacity 3544K, committed 3584K, reserved 1048576K
GC Heap History (10 events):
Event: 10.370 GC heap before
{Heap before GC invocations=16 (full 2):
 PSYoungGen      total 117248K, used 117246K [0x000000076af00000, 0x0000000775f80000, 0x00000007c0000000)
  eden space 99328K, 100% used [0x000000076af00000,0x0000000771000000,0x0000000771000000)
  from space 17920K, 99% used [0x0000000771000000,0x000000077217fa18,0x0000000772180000)
  to   space 25088K, 0% used [0x0000000774700000,0x0000000774700000,0x0000000775f80000)
 ParOldGen       total 129536K, used 48819K [0x00000006c0c00000, 0x00000006c8a80000, 0x000000076af00000)
  object space 129536K, 37% used [0x00000006c0c00000,0x00000006c3bacca8,0x00000006c8a80000)
 Metaspace       used 25536K, capacity 25749K, committed 25984K, reserved 1073152K
  class space    used 3091K, capacity 3147K, committed 3200K, reserved 1048576K
Event: 10.383 GC heap after
Heap after GC invocations=16 (full 2):
 PSYoungGen      total 146944K, used 25079K [0x000000076af00000, 0x0000000777080000, 0x00000007c0000000)
  eden space 121856K, 0% used [0x000000076af00000,0x000000076af00000,0x0000000772600000)
  from space 25088K, 99% used [0x0000000774700000,0x0000000775f7dfd0,0x0000000775f80000)
  to   space 33792K, 0% used [0x0000000772600000,0x0000000772600000,0x0000000774700000)
 ParOldGen       total 129536K, used 62777K [0x00000006c0c00000, 0x00000006c8a80000, 0x000000076af00000)
  object space 129536K, 48% used [0x00000006c0c00000,0x00000006c494e750,0x00000006c8a80000)
 Metaspace       used 25536K, capacity 25749K, committed 25984K, reserved 1073152K
  class space    used 3091K, capacity 3147K, committed 3200K, reserved 1048576K
}
Event: 11.166 GC heap before
{Heap before GC invocations=17 (full 2):
 PSYoungGen      total 146944K, used 146935K [0x000000076af00000, 0x0000000777080000, 0x00000007c0000000)
  eden space 121856K, 100% used [0x000000076af00000,0x0000000772600000,0x0000000772600000)
  from space 25088K, 99% used [0x0000000774700000,0x0000000775f7dfd0,0x0000000775f80000)
  to   space 33792K, 0% used [0x0000000772600000,0x0000000772600000,0x0000000774700000)
 ParOldGen       total 129536K, used 62777K [0x00000006c0c00000, 0x00000006c8a80000, 0x000000076af00000)
  object space 129536K, 48% used [0x00000006c0c00000,0x00000006c494e750,0x00000006c8a80000)
 Metaspace       used 25545K, capacity 25749K, committed 25984K, reserved 1073152K
  class space    used 3091K, capacity 3147K, committed 3200K, reserved 1048576K
Event: 11.190 GC heap after
Heap after GC invocations=17 (full 2):
 PSYoungGen      total 155648K, used 33780K [0x000000076af00000, 0x000000077a880000, 0x00000007c0000000)
  eden space 121856K, 0% used [0x000000076af00000,0x000000076af00000,0x0000000772600000)
  from space 33792K, 99% used [0x0000000772600000,0x00000007746fd150,0x0000000774700000)
  to   space 45568K, 0% used [0x0000000777c00000,0x0000000777c00000,0x000000077a880000)
 ParOldGen       total 129536K, used 80317K [0x00000006c0c00000, 0x00000006c8a80000, 0x000000076af00000)
  object space 129536K, 62% used [0x00000006c0c00000,0x00000006c5a6f748,0x00000006c8a80000)
 Metaspace       used 25545K, capacity 25749K, committed 25984K, reserved 1073152K
  class space    used 3091K, capacity 3147K, committed 3200K, reserved 1048576K
}
Event: 11.828 GC heap before
{Heap before GC invocations=18 (full 2):
 PSYoungGen      total 155648K, used 155636K [0x000000076af00000, 0x000000077a880000, 0x00000007c0000000)
  eden space 121856K, 100% used [0x000000076af00000,0x0000000772600000,0x0000000772600000)
  from space 33792K, 99% used [0x0000000772600000,0x00000007746fd150,0x0000000774700000)
  to   space 45568K, 0% used [0x0000000777c00000,0x0000000777c00000,0x000000077a880000)
 ParOldGen       total 129536K, used 80317K [0x00000006c0c00000, 0x00000006c8a80000, 0x000000076af00000)
  object space 129536K, 62% used [0x00000006c0c00000,0x00000006c5a6f748,0x00000006c8a80000)
 Metaspace       used 25547K, capacity 25749K, committed 25984K, reserved 1073152K
  class space    used 3091K, capacity 3147K, committed 3200K, reserved 1048576K
Event: 11.849 GC heap after
Heap after GC invocations=18 (full 2):
 PSYoungGen      total 209408K, used 26050K [0x000000076af00000, 0x000000077ac80000, 0x00000007c0000000)
  eden space 163840K, 0% used [0x000000076af00000,0x000000076af00000,0x0000000774f00000)
  from space 45568K, 57% used [0x0000000777c00000,0x0000000779570ab8,0x000000077a880000)
  to   space 46080K, 0% used [0x0000000774f00000,0x0000000774f00000,0x0000000777c00000)
 ParOldGen       total 129536K, used 96116K [0x00000006c0c00000, 0x00000006c8a80000, 0x000000076af00000)
  object space 129536K, 74% used [0x00000006c0c00000,0x00000006c69dd248,0x00000006c8a80000)
 Metaspace       used 25547K, capacity 25749K, committed 25984K, reserved 1073152K
  class space    used 3091K, capacity 3147K, committed 3200K, reserved 1048576K
}
Event: 12.669 GC heap before
{Heap before GC invocations=19 (full 2):
 PSYoungGen      total 209408K, used 189890K [0x000000076af00000, 0x000000077ac80000, 0x00000007c0000000)
  eden space 163840K, 100% used [0x000000076af00000,0x0000000774f00000,0x0000000774f00000)
  from space 45568K, 57% used [0x0000000777c00000,0x0000000779570ab8,0x000000077a880000)
  to   space 46080K, 0% used [0x0000000774f00000,0x0000000774f00000,0x0000000777c00000)
 ParOldGen       total 129536K, used 96116K [0x00000006c0c00000, 0x00000006c8a80000, 0x000000076af00000)
  object space 129536K, 74% used [0x00000006c0c00000,0x00000006c69dd248,0x00000006c8a80000)
 Metaspace       used 25571K, capacity 25813K, committed 25984K, reserved 1073152K
  class space    used 3091K, capacity 3147K, committed 3200K, reserved 1048576K
Event: 12.691 GC heap after
Heap after GC invocations=19 (full 2):
 PSYoungGen      total 209920K, used 33016K [0x000000076af00000, 0x000000077eb00000, 0x00000007c0000000)
  eden space 163840K, 0% used [0x000000076af00000,0x000000076af00000,0x0000000774f00000)
  from space 46080K, 71% used [0x0000000774f00000,0x0000000776f3e168,0x0000000777c00000)
  to   space 48640K, 0% used [0x000000077bb80000,0x000000077bb80000,0x000000077eb00000)
 ParOldGen       total 129536K, used 102810K [0x00000006c0c00000, 0x00000006c8a80000, 0x000000076af00000)
  object space 129536K, 79% used [0x00000006c0c00000,0x00000006c70669e8,0x00000006c8a80000)
 Metaspace       used 25571K, capacity 25813K, committed 25984K, reserved 1073152K
  class space    used 3091K, capacity 3147K, committed 3200K, reserved 1048576K
}
Event: 13.798 GC heap before
{Heap before GC invocations=20 (full 2):
 PSYoungGen      total 209920K, used 196856K [0x000000076af00000, 0x000000077eb00000, 0x00000007c0000000)
  eden space 163840K, 100% used [0x000000076af00000,0x0000000774f00000,0x0000000774f00000)
  from space 46080K, 71% used [0x0000000774f00000,0x0000000776f3e168,0x0000000777c00000)
  to   space 48640K, 0% used [0x000000077bb80000,0x000000077bb80000,0x000000077eb00000)
 ParOldGen       total 129536K, used 102810K [0x00000006c0c00000, 0x00000006c8a80000, 0x000000076af00000)
  object space 129536K, 79% used [0x00000006c0c00000,0x00000006c70669e8,0x00000006c8a80000)
 Metaspace       used 28077K, capacity 28357K, committed 28672K, reserved 1075200K
  class space    used 3423K, capacity 3544K, committed 3584K, reserved 1048576K
Event: 13.806 GC heap after
Heap after GC invocations=20 (full 2):
 PSYoungGen      total 225792K, used 10081K [0x000000076af00000, 0x000000077d200000, 0x00000007c0000000)
  eden space 202752K, 0% used [0x000000076af00000,0x000000076af00000,0x0000000777500000)
  from space 23040K, 43% used [0x000000077bb80000,0x000000077c558760,0x000000077d200000)
  to   space 47616K, 0% used [0x0000000777500000,0x0000000777500000,0x000000077a380000)
 ParOldGen       total 129536K, used 107100K [0x00000006c0c00000, 0x00000006c8a80000, 0x000000076af00000)
  object space 129536K, 82% used [0x00000006c0c00000,0x00000006c74971e0,0x00000006c8a80000)
 Metaspace       used 28077K, capacity 28357K, committed 28672K, reserved 1075200K
  class space    used 3423K, capacity 3544K, committed 3584K, reserved 1048576K
}

